Log file open, 10/01/17 13:46:57
LogWindows: Failed to load 'aqProf.dll' (GetLastError=126)
LogWindows: File 'aqProf.dll' does not exist
LogWindows: Failed to load 'VSPerf140.dll' (GetLastError=126)
LogWindows: File 'VSPerf140.dll' does not exist
LogWindows: Failed to load 'VtuneApi.dll' (GetLastError=126)
LogWindows: File 'VtuneApi.dll' does not exist
LogWindows: Failed to load 'VtuneApi32e.dll' (GetLastError=126)
LogWindows: File 'VtuneApi32e.dll' does not exist
LogInit: Display: Running engine for game: MyProject4
LogPlatformFile: Not using cached read wrapper
LogInit: Display: RandInit(-1775257624) SRandInit(-1775257624).
LogTaskGraph: Started task graph with 5 named threads and 14 total threads with 3 sets of task threads.
LogStats: Stats thread started at 0.169894
LogD3D11RHI: Aftermath initialized
LogPluginManager: Mounting plugin Paper2D
LogPluginManager: Mounting plugin LightPropagationVolume
LogPluginManager: Mounting plugin CodeLiteSourceCodeAccess
LogPluginManager: Mounting plugin GitSourceControl
LogPluginManager: Mounting plugin KDevelopSourceCodeAccess
LogPluginManager: Mounting plugin NullSourceCodeAccess
LogPluginManager: Mounting plugin PerforceSourceControl
LogPluginManager: Mounting plugin SubversionSourceControl
LogPluginManager: Mounting plugin UObjectPlugin
LogPluginManager: Mounting plugin VisualStudioSourceCodeAccess
LogPluginManager: Mounting plugin XCodeSourceCodeAccess
LogPluginManager: Mounting plugin AssetManagerEditor
LogPluginManager: Mounting plugin AudioCapture
LogPluginManager: Mounting plugin FacialAnimation
LogPluginManager: Mounting plugin GameplayTagsEditor
LogPluginManager: Mounting plugin MobileLauncherProfileWizard
LogPluginManager: Mounting plugin PluginBrowser
LogPluginManager: Mounting plugin SpeedTreeImporter
LogPluginManager: Mounting plugin AlembicImporter
LogPluginManager: Mounting plugin CharacterAI
LogPluginManager: Mounting plugin HTML5Networking
LogPluginManager: Mounting plugin AndroidMedia
LogPluginManager: Mounting plugin AvfMedia
LogPluginManager: Mounting plugin MediaPlayerEditor
LogPluginManager: Mounting plugin WmfMedia
LogPluginManager: Mounting plugin TcpMessaging
LogPluginManager: Mounting plugin UdpMessaging
LogPluginManager: Mounting plugin LevelSequenceEditor
LogPluginManager: Mounting plugin MatineeToLevelSequence
LogPluginManager: Mounting plugin OnlineSubsystemGooglePlay
LogPluginManager: Mounting plugin OnlineSubsystemIOS
LogPluginManager: Mounting plugin OnlineSubsystem
LogPluginManager: Mounting plugin OnlineSubsystemNull
LogPluginManager: Mounting plugin OnlineSubsystemUtils
LogPluginManager: Mounting plugin AndroidDeviceProfileSelector
LogPluginManager: Mounting plugin AndroidMoviePlayer
LogPluginManager: Mounting plugin AndroidPermission
LogPluginManager: Mounting plugin AppleMoviePlayer
LogPluginManager: Mounting plugin ArchVisCharacter
LogPluginManager: Mounting plugin CableComponent
LogPluginManager: Mounting plugin CustomMeshComponent
LogPluginManager: Mounting plugin ExampleDeviceProfileSelector
LogPluginManager: Mounting plugin GoogleCloudMessaging
LogPluginManager: Mounting plugin ImmediatePhysics
LogPluginManager: Mounting plugin IOSDeviceProfileSelector
LogPluginManager: Mounting plugin LinuxDeviceProfileSelector
LogPluginManager: Mounting plugin LocationServicesBPLibrary
LogPluginManager: Mounting plugin MobilePatchingUtils
LogPluginManager: Mounting plugin OculusVR
LogPluginManager: Mounting plugin PhysXVehicles
LogPluginManager: Mounting plugin ProceduralMeshComponent
LogPluginManager: Mounting plugin RuntimePhysXCooking
LogPluginManager: Mounting plugin SteamVR
LogPluginManager: Mounting plugin WindowsMoviePlayer
LogInit: Using libcurl 7.47.1
LogInit:  - built for x86_64-pc-win32
LogInit:  - supports SSL with OpenSSL/1.0.2g
LogInit:  - supports HTTP deflate (compression) using libz 1.2.8
LogInit:  - other features:
LogInit:      CURL_VERSION_SSL
LogInit:      CURL_VERSION_LIBZ
LogInit:      CURL_VERSION_IPV6
LogInit:      CURL_VERSION_ASYNCHDNS
LogInit:      CURL_VERSION_LARGEFILE
LogInit:      CURL_VERSION_IDN
LogInit:  CurlRequestOptions (configurable via config and command line):
LogInit:  - bVerifyPeer = false  - Libcurl will NOT verify peer certificate
LogInit:  - bUseHttpProxy = false  - Libcurl will NOT use HTTP proxy
LogInit:  - bDontReuseConnections = false  - Libcurl will reuse connections
LogInit:  - CertBundlePath = nullptr  - Libcurl will use whatever was configured at build time.
LogInit: Build: ++UE4+Release-4.17-CL-3658906
LogInit: Engine Version: 4.17.2-3658906+++UE4+Release-4.17
LogInit: Compatible Engine Version: 4.17.0-3573198+++UE4+Release-4.17
LogInit: Net CL: 3573198
LogDevObjectVersion: Number of dev versions registered: 16
LogDevObjectVersion:   Dev-Blueprints (B0D832E4-1F89-4F0D-ACCF-7EB736FD4AA2): 10
LogDevObjectVersion:   Dev-Build (E1C64328-A22C-4D53-A36C-8E866417BD8C): 0
LogDevObjectVersion:   Dev-Core (375EC13C-06E4-48FB-B500-84F0262A717E): 2
LogDevObjectVersion:   Dev-Editor (E4B068ED-F494-42E9-A231-DA0B2E46BB41): 20
LogDevObjectVersion:   Dev-Framework (CFFC743F-43B0-4480-9391-14DF171D2073): 28
LogDevObjectVersion:   Dev-Mobile (B02B49B5-BB20-44E9-A304-32B752E40360): 0
LogDevObjectVersion:   Dev-Networking (A4E4105C-59A1-49B5-A7C5-40C4547EDFEE): 0
LogDevObjectVersion:   Dev-Online (39C831C9-5AE6-47DC-9A44-9C173E1C8E7C): 0
LogDevObjectVersion:   Dev-Physics (78F01B33-EBEA-4F98-B9B4-84EACCB95AA2): 0
LogDevObjectVersion:   Dev-Platform (6631380F-2D4D-43E0-8009-CF276956A95A): 0
LogDevObjectVersion:   Dev-Rendering (12F88B9F-8875-4AFC-A67C-D90C383ABD29): 19
LogDevObjectVersion:   Dev-Sequencer (7B5AE74C-D270-4C10-A958-57980B212A5A): 4
LogDevObjectVersion:   Dev-VR (D7296918-1DD6-4BDD-9DE2-64A83CC13884): 0
LogDevObjectVersion:   Dev-LoadTimes (C2A15278-BFE7-4AFE-6C17-90FF531DF755): 1
LogDevObjectVersion:   Private-Geometry (6EACA3D4-40EC-4CC1-B786-8BED09428FC5): 1
LogDevObjectVersion:   Dev-AnimPhys (29E575DD-E0A3-4627-9D10-D276232CDCEA): 7
LogInit: Compiled (64-bit): Sep 22 2017 13:47:16
LogInit: Compiled with Visual C++: 19.00.24215.01
LogInit: Build Configuration: Development
LogInit: Branch Name: ++UE4+Release-4.17
LogInit: Command line: -EpicPortal 
LogInit: Base directory: D:/UE_4.17/Engine/Binaries/Win64/
LogInit: Installed Engine Build: 1
LogInit: Presizing for max 8388607 objects, including 0 objects not considered by GC, pre-allocating 0 bytes for permanent pool.
LogInit: Object subsystem initialized
[2017.10.01-11.46.57:841][  0]LogInit: Selected Device Profile: [Windows]
[2017.10.01-11.46.57:841][  0]LogInit: Applying CVar settings loaded from the selected device profile: [Windows]
[2017.10.01-11.46.57:851][  0]LogInit: Computer: PC-MICHIEL
[2017.10.01-11.46.57:851][  0]LogInit: User: Michiel
[2017.10.01-11.46.57:851][  0]LogInit: CPU Page size=4096, Cores=4
[2017.10.01-11.46.57:851][  0]LogInit: High frequency timer resolution =3.117782 MHz
[2017.10.01-11.46.57:852][  0]LogMemory: Memory total: Physical=16.0GB (16GB approx)
[2017.10.01-11.46.57:852][  0]LogMemory: Platform Memory Stats for Windows
[2017.10.01-11.46.57:852][  0]LogMemory: Process Physical Memory: 277.51 MB used, 277.51 MB peak
[2017.10.01-11.46.57:852][  0]LogMemory: Process Virtual Memory: 273.95 MB used, 273.95 MB peak
[2017.10.01-11.46.57:852][  0]LogMemory: Physical Memory: 7637.62 MB used,  8712.69 MB free, 16350.30 MB total
[2017.10.01-11.46.57:852][  0]LogMemory: Virtual Memory: 668.02 MB used,  8712.69 MB free, 134217728.00 MB total
[2017.10.01-11.46.57:960][  0]LogInit: Using OS detected language (nl-NL).
[2017.10.01-11.46.57:960][  0]LogInit: Using OS detected locale (en-US).
[2017.10.01-11.46.57:962][  0]LogTextLocalizationManager: No localization for 'nl-NL' exists, so 'en' will be used for the language.
[2017.10.01-11.46.58:604][  0]LogD3D11RHI: D3D11 adapters:
[2017.10.01-11.46.59:252][  0]LogD3D11RHI:    0. 'NVIDIA GeForce GTX 960' (Feature Level 11_0)
[2017.10.01-11.46.59:252][  0]LogD3D11RHI:       4062/0/8175 MB DedicatedVideo/DedicatedSystem/SharedSystem, Outputs:1, VendorId:0x10de
[2017.10.01-11.46.59:253][  0]LogD3D11RHI:    1. 'Microsoft Basic Render Driver' (Feature Level 11_0)
[2017.10.01-11.46.59:253][  0]LogD3D11RHI:       0/0/8175 MB DedicatedVideo/DedicatedSystem/SharedSystem, Outputs:0, VendorId:0x1414
[2017.10.01-11.46.59:253][  0]LogD3D11RHI: Chosen D3D11 Adapter: 0
[2017.10.01-11.46.59:260][  0]LogD3D11RHI: Creating new Direct3DDevice
[2017.10.01-11.46.59:260][  0]LogD3D11RHI:     GPU DeviceId: 0x1401 (for the marketing name, search the web for "GPU Device Id")
[2017.10.01-11.46.59:260][  0]LogWindows: EnumDisplayDevices:
[2017.10.01-11.46.59:260][  0]LogWindows:    0. 'NVIDIA GeForce GTX 960' (P:1 D:1)
[2017.10.01-11.46.59:260][  0]LogWindows:    1. 'NVIDIA GeForce GTX 960' (P:0 D:0)
[2017.10.01-11.46.59:260][  0]LogWindows:    2. 'NVIDIA GeForce GTX 960' (P:0 D:0)
[2017.10.01-11.46.59:261][  0]LogWindows:    3. 'NVIDIA GeForce GTX 960' (P:0 D:0)
[2017.10.01-11.46.59:261][  0]LogWindows: DebugString: FoundDriverCount:4 
[2017.10.01-11.46.59:261][  0]LogD3D11RHI:     Adapter Name: NVIDIA GeForce GTX 960
[2017.10.01-11.46.59:261][  0]LogD3D11RHI:   Driver Version: 385.28 (internal:22.21.13.8528, unified:385.28)
[2017.10.01-11.46.59:261][  0]LogD3D11RHI:      Driver Date: 8-9-2017
[2017.10.01-11.46.59:261][  0]LogRHI: Texture pool is 1361 MB (70% of 1945 MB)
[2017.10.01-11.46.59:902][  0]LogD3D11RHI: Async texture creation enabled
[2017.10.01-11.46.59:931][  0]LogD3D11RHI: GPU Timing Frequency: 1000.000000 (Debug: 2 1)
[2017.10.01-11.46.59:933][  0]LogShaderCompilers: Guid format shader working directory is 5 characters bigger than the processId version (G:/Documenten/GitHub/testproject/MyProject4/Intermediate/Shaders/WorkingDirectory/7796/).
[2017.10.01-11.46.59:933][  0]LogShaderCompilers: Cleaned the shader compiler working directory 'C:/Users/Michiel/AppData/Local/Temp/UnrealShaderWorkingDir/E4D257B945CDFFA19834C4A8A8741739/'.
[2017.10.01-11.46.59:933][  0]LogShaderCompilers: Display: Using Local Shader Compiler.
[2017.10.01-11.47.00:811][  0]LogTemp: Display: Loaded TP AllDesktopTargetPlatform
[2017.10.01-11.47.00:849][  0]LogTemp: Display: Loaded TP MacClientTargetPlatform
[2017.10.01-11.47.00:887][  0]LogTemp: Display: Loaded TP MacNoEditorTargetPlatform
[2017.10.01-11.47.00:925][  0]LogTemp: Display: Loaded TP MacServerTargetPlatform
[2017.10.01-11.47.00:963][  0]LogTemp: Display: Loaded TP MacTargetPlatform
[2017.10.01-11.47.01:001][  0]LogTemp: Display: Loaded TP WindowsClientTargetPlatform
[2017.10.01-11.47.01:038][  0]LogTemp: Display: Loaded TP WindowsNoEditorTargetPlatform
[2017.10.01-11.47.01:075][  0]LogTemp: Display: Loaded TP WindowsServerTargetPlatform
[2017.10.01-11.47.01:108][  0]LogTemp: Display: Loaded TP WindowsTargetPlatform
[2017.10.01-11.47.01:143][  0]LogTemp: Display: Loaded TP AndroidTargetPlatform
[2017.10.01-11.47.01:180][  0]LogTemp: Display: Loaded TP Android_ASTCTargetPlatform
[2017.10.01-11.47.01:216][  0]LogTemp: Display: Loaded TP Android_ATCTargetPlatform
[2017.10.01-11.47.01:254][  0]LogTemp: Display: Loaded TP Android_DXTTargetPlatform
[2017.10.01-11.47.01:296][  0]LogTemp: Display: Loaded TP Android_ETC1TargetPlatform
[2017.10.01-11.47.01:335][  0]LogTemp: Display: Loaded TP Android_ETC2TargetPlatform
[2017.10.01-11.47.01:411][  0]LogTemp: Display: Loaded TP Android_MultiTargetPlatform
[2017.10.01-11.47.01:411][  0]LogTemp: Display: Loaded TP Android_PVRTCTargetPlatform
[2017.10.01-11.47.01:437][  0]LogTemp: Display: Loaded TP HTML5TargetPlatform
[2017.10.01-11.47.01:509][  0]LogTemp: Display: Loaded TP IOSTargetPlatform
[2017.10.01-11.47.01:532][  0]LogTemp: Display: Loaded TP TVOSTargetPlatform
[2017.10.01-11.47.01:567][  0]LogTemp: Display: Loaded TP LinuxClientTargetPlatform
[2017.10.01-11.47.01:603][  0]LogTemp: Display: Loaded TP LinuxNoEditorTargetPlatform
[2017.10.01-11.47.01:640][  0]LogTemp: Display: Loaded TP LinuxServerTargetPlatform
[2017.10.01-11.47.01:676][  0]LogTemp: Display: Loaded TP LinuxTargetPlatform
[2017.10.01-11.47.01:676][  0]LogTargetPlatformManager: Display: Building Assets For Windows
[2017.10.01-11.47.02:004][  0]LogDerivedDataCache: Display: Max Cache Size: 512 MB
[2017.10.01-11.47.02:101][  0]LogDerivedDataCache: Loaded boot cache 0.10s 93MB C:/Users/Michiel/AppData/Local/UnrealEngine/4.17/DerivedDataCache/Boot.ddc.
[2017.10.01-11.47.02:101][  0]LogDerivedDataCache: Display: Loaded Boot cache: C:/Users/Michiel/AppData/Local/UnrealEngine/4.17/DerivedDataCache/Boot.ddc
[2017.10.01-11.47.02:101][  0]LogDerivedDataCache: FDerivedDataBackendGraph:  Pak pak cache file G:/Documenten/GitHub/testproject/MyProject4/DerivedDataCache/DDC.ddp not found, will not use a pak cache.
[2017.10.01-11.47.02:101][  0]LogDerivedDataCache: Unable to find inner node Pak for hierarchical cache Hierarchy.
[2017.10.01-11.47.02:101][  0]LogDerivedDataCache: FDerivedDataBackendGraph:  CompressedPak pak cache file G:/Documenten/GitHub/testproject/MyProject4/DerivedDataCache/Compressed.ddp not found, will not use a pak cache.
[2017.10.01-11.47.02:101][  0]LogDerivedDataCache: Unable to find inner node CompressedPak for hierarchical cache Hierarchy.
[2017.10.01-11.47.02:118][  0]LogDerivedDataCache: Display: Pak cache opened for reading ../../../Engine/DerivedDataCache/Compressed.ddp.
[2017.10.01-11.47.02:130][  0]LogDerivedDataCache: Using Local data cache path C:/Users/Michiel/AppData/Local/UnrealEngine/Common/DerivedDataCache: Writable
[2017.10.01-11.47.02:141][  0]LogMaterial: Verifying Global Shaders for PCD3D_SM5
[2017.10.01-11.47.02:141][  0]LogSlate: Using Freetype 2.6.0
[2017.10.01-11.47.02:142][  0]LogSlate: SlateFontCache - WITH_FREETYPE: 1, WITH_HARFBUZZ: 1
[2017.10.01-11.47.02:142][  0]LogSlate: SlateFontCache - WITH_FREETYPE: 1, WITH_HARFBUZZ: 1
[2017.10.01-11.47.02:401][  0]LogAssetRegistry: FAssetRegistry took 0.0253 seconds to start up
[2017.10.01-11.47.02:508][  0]LogInit: Selected Device Profile: [Windows]
[2017.10.01-11.47.02:645][  0]LogContentStreaming: Texture pool size is 0.00 MB
[2017.10.01-11.47.02:873][  0]LogSimplygon: Simplygon DLL not present - disabling.
[2017.10.01-11.47.02:901][  0]LogMeshReduction: Using SimplygonSwarm for distributed automatic mesh merging
[2017.10.01-11.47.02:901][  0]LogMeshReduction: Using QuadricMeshReduction for automatic static mesh reduction
[2017.10.01-11.47.02:901][  0]LogMeshReduction: No automatic skeletal mesh reduction module available
[2017.10.01-11.47.02:901][  0]LogMeshReduction: No automatic mesh merging module available
[2017.10.01-11.47.02:901][  0]LogMeshMerging: No automatic mesh merging module available
[2017.10.01-11.47.03:228][  0]LogNetVersion: MyProject4 , NetCL: 3573198, EngineNetVer: 2, GameNetVer: 0 (Checksum: 2272377336)
[2017.10.01-11.47.03:381][  0]LogPackageLocalizationCache: Processed 5 localized package path(s) for 1 prioritized culture(s) in 0.018618 seconds
[2017.10.01-11.47.03:388][  0]LogUObjectArray: 35825 objects as part of root set at end of initial load.
[2017.10.01-11.47.03:388][  0]LogUObjectAllocator: 7529112 out of 0 bytes used by permanent object pool.
[2017.10.01-11.47.03:388][  0]LogUObjectArray: CloseDisregardForGC: 0/0 objects in disregard for GC pool
[2017.10.01-11.47.03:429][  0]LogInit: WinSock: version 1.1 (2.2), MaxSocks=32767, MaxUdp=65467
[2017.10.01-11.47.05:525][  0]LogTcpMessaging: Initializing TcpMessaging bridge
[2017.10.01-11.47.05:563][  0]LogUdpMessaging: Initializing bridge on interface 0.0.0.0:0 to multicast group 230.0.0.1:6666.
[2017.10.01-11.47.06:036][  0]LogMaterial: Uniform references updated for custom material expression Custom.
[2017.10.01-11.47.06:344][  0]SourceControl: Source control is disabled
[2017.10.01-11.47.06:344][  0]SourceControl: Source control is disabled
[2017.10.01-11.47.06:377][  0]SourceControl: Source control is disabled
[2017.10.01-11.47.06:409][  0]SourceControl: Source control is disabled
[2017.10.01-11.47.06:809][  0]LogAndroidPermission: UAndroidPermissionCallbackProxy::GetInstance
[2017.10.01-11.47.06:979][  0]LogOcInput: OculusInput pre-init called
[2017.10.01-11.47.07:177][  0]LogEngine: Initializing Engine...
[2017.10.01-11.47.07:178][  0]LogHMD: Failed to initialize OpenVR with code 110
[2017.10.01-11.47.07:407][  0]LogStats: UGameplayTagsManager::ConstructGameplayTagTree: Construct from data asset -  0.000 s
[2017.10.01-11.47.07:407][  0]LogStats: UGameplayTagsManager::ConstructGameplayTagTree: GameplayTagTreeChangedEvent.Broadcast -  0.000 s
[2017.10.01-11.47.07:501][  0]LogAIModule: Creating AISystem for world Untitled
[2017.10.01-11.47.07:508][  0]LogInit: XAudio2 using 'Luidsprekers (High Definition Audio-apparaat)' : 2 channels at 48 kHz using 16 bits per sample (channel mask 0x3)
[2017.10.01-11.47.07:519][  0]LogInit: FAudioDevice initialized.
[2017.10.01-11.47.07:604][  0]LogDerivedDataCache: Saved boot cache 0.08s 93MB C:/Users/Michiel/AppData/Local/UnrealEngine/4.17/DerivedDataCache/Boot.ddc.
[2017.10.01-11.47.07:614][  0]LogInit: Texture streaming: Enabled
[2017.10.01-11.47.07:697][  0]LogEngineSessionManager: EngineSessionManager initialized
[2017.10.01-11.47.07:850][  0]LogInit: Transaction tracking system initialized
[2017.10.01-11.47.08:065][  0]BlueprintLog: New page: Editor Load
[2017.10.01-11.47.08:716][  0]LocalizationService: Localization service is disabled
[2017.10.01-11.47.09:265][  0]LogConsoleResponse: Display: 
[2017.10.01-11.47.09:440][  0]LogFileCache: Scanning file cache for directory 'G:/Documenten/GitHub/testproject/MyProject4/Content/' took 0.01s
[2017.10.01-11.47.09:440][  0]LogCook: Display: Max memory allowance for cook 16384mb min free memory 0mb
[2017.10.01-11.47.09:440][  0]LogCook: Display: Mobile HDR setting 1
[2017.10.01-11.47.09:440][  0]LogGameplayTags: Display: UGameplayTagsManager::DoneAddingNativeTags. DelegateIsBound: 0
[2017.10.01-11.47.10:199][  0]SourceControl: Source control is disabled
[2017.10.01-11.47.10:200][  0]LogFactory: FactoryCreateFile: PackFactory with PackFactory (0 0 D:/UE_4.17/FeaturePacks/StarterContent.upack)
[2017.10.01-11.47.10:207][  0]LogPackFactory: Finished extracting 8 files (including 0 errors).
[2017.10.01-11.47.10:212][  0]LogPackFactory: Copied "../../../Samples/StarterContent/Content/StarterContent/Architecture/Floor_400x400.uasset" to "G:/Documenten/GitHub/testproject/MyProject4/Content/StarterContent/Architecture/Floor_400x400.uasset"
[2017.10.01-11.47.10:216][  0]LogPackFactory: Copied "../../../Samples/StarterContent/Content/StarterContent/Architecture/Pillar_50x500.uasset" to "G:/Documenten/GitHub/testproject/MyProject4/Content/StarterContent/Architecture/Pillar_50x500.uasset"
[2017.10.01-11.47.10:221][  0]LogPackFactory: Copied "../../../Samples/StarterContent/Content/StarterContent/Architecture/SM_AssetPlatform.uasset" to "G:/Documenten/GitHub/testproject/MyProject4/Content/StarterContent/Architecture/SM_AssetPlatform.uasset"
[2017.10.01-11.47.10:226][  0]LogPackFactory: Copied "../../../Samples/StarterContent/Content/StarterContent/Architecture/Wall_400x200.uasset" to "G:/Documenten/GitHub/testproject/MyProject4/Content/StarterContent/Architecture/Wall_400x200.uasset"
[2017.10.01-11.47.10:231][  0]LogPackFactory: Copied "../../../Samples/StarterContent/Content/StarterContent/Architecture/Wall_400x300.uasset" to "G:/Documenten/GitHub/testproject/MyProject4/Content/StarterContent/Architecture/Wall_400x300.uasset"
[2017.10.01-11.47.10:235][  0]LogPackFactory: Copied "../../../Samples/StarterContent/Content/StarterContent/Architecture/Wall_400x400.uasset" to "G:/Documenten/GitHub/testproject/MyProject4/Content/StarterContent/Architecture/Wall_400x400.uasset"
[2017.10.01-11.47.10:240][  0]LogPackFactory: Copied "../../../Samples/StarterContent/Content/StarterContent/Architecture/Wall_500x500.uasset" to "G:/Documenten/GitHub/testproject/MyProject4/Content/StarterContent/Architecture/Wall_500x500.uasset"
[2017.10.01-11.47.10:245][  0]LogPackFactory: Copied "../../../Samples/StarterContent/Content/StarterContent/Architecture/Wall_Door_400x300.uasset" to "G:/Documenten/GitHub/testproject/MyProject4/Content/StarterContent/Architecture/Wall_Door_400x300.uasset"
[2017.10.01-11.47.10:250][  0]LogPackFactory: Copied "../../../Samples/StarterContent/Content/StarterContent/Architecture/Wall_Door_400x400.uasset" to "G:/Documenten/GitHub/testproject/MyProject4/Content/StarterContent/Architecture/Wall_Door_400x400.uasset"
[2017.10.01-11.47.10:254][  0]LogPackFactory: Copied "../../../Samples/StarterContent/Content/StarterContent/Architecture/Wall_Window_400x300.uasset" to "G:/Documenten/GitHub/testproject/MyProject4/Content/StarterContent/Architecture/Wall_Window_400x300.uasset"
[2017.10.01-11.47.10:258][  0]LogPackFactory: Copied "../../../Samples/StarterContent/Content/StarterContent/Architecture/Wall_Window_400x400.uasset" to "G:/Documenten/GitHub/testproject/MyProject4/Content/StarterContent/Architecture/Wall_Window_400x400.uasset"
[2017.10.01-11.47.10:262][  0]LogPackFactory: Copied "../../../Samples/StarterContent/Content/StarterContent/Audio/Collapse01.uasset" to "G:/Documenten/GitHub/testproject/MyProject4/Content/StarterContent/Audio/Collapse01.uasset"
[2017.10.01-11.47.10:267][  0]LogPackFactory: Copied "../../../Samples/StarterContent/Content/StarterContent/Audio/Collapse02.uasset" to "G:/Documenten/GitHub/testproject/MyProject4/Content/StarterContent/Audio/Collapse02.uasset"
[2017.10.01-11.47.10:270][  0]LogPackFactory: Copied "../../../Samples/StarterContent/Content/StarterContent/Audio/Collapse_Cue.uasset" to "G:/Documenten/GitHub/testproject/MyProject4/Content/StarterContent/Audio/Collapse_Cue.uasset"
[2017.10.01-11.47.10:275][  0]LogPackFactory: Copied "../../../Samples/StarterContent/Content/StarterContent/Audio/Explosion01.uasset" to "G:/Documenten/GitHub/testproject/MyProject4/Content/StarterContent/Audio/Explosion01.uasset"
[2017.10.01-11.47.10:279][  0]LogPackFactory: Copied "../../../Samples/StarterContent/Content/StarterContent/Audio/Explosion02.uasset" to "G:/Documenten/GitHub/testproject/MyProject4/Content/StarterContent/Audio/Explosion02.uasset"
[2017.10.01-11.47.10:283][  0]LogPackFactory: Copied "../../../Samples/StarterContent/Content/StarterContent/Audio/Explosion_Cue.uasset" to "G:/Documenten/GitHub/testproject/MyProject4/Content/StarterContent/Audio/Explosion_Cue.uasset"
[2017.10.01-11.47.10:287][  0]LogPackFactory: Copied "../../../Samples/StarterContent/Content/StarterContent/Audio/Fire01.uasset" to "G:/Documenten/GitHub/testproject/MyProject4/Content/StarterContent/Audio/Fire01.uasset"
[2017.10.01-11.47.10:288][  0]LogPackFactory: Copied "../../../Samples/StarterContent/Content/StarterContent/Audio/Fire01_Cue.uasset" to "G:/Documenten/GitHub/testproject/MyProject4/Content/StarterContent/Audio/Fire01_Cue.uasset"
[2017.10.01-11.47.10:293][  0]LogPackFactory: Copied "../../../Samples/StarterContent/Content/StarterContent/Audio/Fire_Sparks01.uasset" to "G:/Documenten/GitHub/testproject/MyProject4/Content/StarterContent/Audio/Fire_Sparks01.uasset"
[2017.10.01-11.47.10:294][  0]LogPackFactory: Copied "../../../Samples/StarterContent/Content/StarterContent/Audio/Fire_Sparks01_Cue.uasset" to "G:/Documenten/GitHub/testproject/MyProject4/Content/StarterContent/Audio/Fire_Sparks01_Cue.uasset"
[2017.10.01-11.47.10:298][  0]LogPackFactory: Copied "../../../Samples/StarterContent/Content/StarterContent/Audio/Light01.uasset" to "G:/Documenten/GitHub/testproject/MyProject4/Content/StarterContent/Audio/Light01.uasset"
[2017.10.01-11.47.10:300][  0]LogPackFactory: Copied "../../../Samples/StarterContent/Content/StarterContent/Audio/Light01_Cue.uasset" to "G:/Documenten/GitHub/testproject/MyProject4/Content/StarterContent/Audio/Light01_Cue.uasset"
[2017.10.01-11.47.10:304][  0]LogPackFactory: Copied "../../../Samples/StarterContent/Content/StarterContent/Audio/Light02.uasset" to "G:/Documenten/GitHub/testproject/MyProject4/Content/StarterContent/Audio/Light02.uasset"
[2017.10.01-11.47.10:309][  0]LogPackFactory: Copied "../../../Samples/StarterContent/Content/StarterContent/Audio/Light02_Cue.uasset" to "G:/Documenten/GitHub/testproject/MyProject4/Content/StarterContent/Audio/Light02_Cue.uasset"
[2017.10.01-11.47.10:314][  0]LogPackFactory: Copied "../../../Samples/StarterContent/Content/StarterContent/Audio/Smoke01.uasset" to "G:/Documenten/GitHub/testproject/MyProject4/Content/StarterContent/Audio/Smoke01.uasset"
[2017.10.01-11.47.10:318][  0]LogPackFactory: Copied "../../../Samples/StarterContent/Content/StarterContent/Audio/Smoke01_Cue.uasset" to "G:/Documenten/GitHub/testproject/MyProject4/Content/StarterContent/Audio/Smoke01_Cue.uasset"
[2017.10.01-11.47.10:322][  0]LogPackFactory: Copied "../../../Samples/StarterContent/Content/StarterContent/Audio/Starter_Background_Cue.uasset" to "G:/Documenten/GitHub/testproject/MyProject4/Content/StarterContent/Audio/Starter_Background_Cue.uasset"
[2017.10.01-11.47.10:328][  0]LogPackFactory: Copied "../../../Samples/StarterContent/Content/StarterContent/Audio/Starter_Birds01.uasset" to "G:/Documenten/GitHub/testproject/MyProject4/Content/StarterContent/Audio/Starter_Birds01.uasset"
[2017.10.01-11.47.10:337][  0]LogPackFactory: Copied "../../../Samples/StarterContent/Content/StarterContent/Audio/Starter_Music01.uasset" to "G:/Documenten/GitHub/testproject/MyProject4/Content/StarterContent/Audio/Starter_Music01.uasset"
[2017.10.01-11.47.10:341][  0]LogPackFactory: Copied "../../../Samples/StarterContent/Content/StarterContent/Audio/Starter_Music_Cue.uasset" to "G:/Documenten/GitHub/testproject/MyProject4/Content/StarterContent/Audio/Starter_Music_Cue.uasset"
[2017.10.01-11.47.10:346][  0]LogPackFactory: Copied "../../../Samples/StarterContent/Content/StarterContent/Audio/Starter_Wind05.uasset" to "G:/Documenten/GitHub/testproject/MyProject4/Content/StarterContent/Audio/Starter_Wind05.uasset"
[2017.10.01-11.47.10:352][  0]LogPackFactory: Copied "../../../Samples/StarterContent/Content/StarterContent/Audio/Starter_Wind06.uasset" to "G:/Documenten/GitHub/testproject/MyProject4/Content/StarterContent/Audio/Starter_Wind06.uasset"
[2017.10.01-11.47.10:357][  0]LogPackFactory: Copied "../../../Samples/StarterContent/Content/StarterContent/Audio/Steam01.uasset" to "G:/Documenten/GitHub/testproject/MyProject4/Content/StarterContent/Audio/Steam01.uasset"
[2017.10.01-11.47.10:361][  0]LogPackFactory: Copied "../../../Samples/StarterContent/Content/StarterContent/Audio/Steam01_Cue.uasset" to "G:/Documenten/GitHub/testproject/MyProject4/Content/StarterContent/Audio/Steam01_Cue.uasset"
[2017.10.01-11.47.10:365][  0]LogPackFactory: Copied "../../../Samples/StarterContent/Content/StarterContent/Blueprints/Blueprint_CeilingLight.uasset" to "G:/Documenten/GitHub/testproject/MyProject4/Content/StarterContent/Blueprints/Blueprint_CeilingLight.uasset"
[2017.10.01-11.47.10:370][  0]LogPackFactory: Copied "../../../Samples/StarterContent/Content/StarterContent/Blueprints/Blueprint_Effect_Explosion.uasset" to "G:/Documenten/GitHub/testproject/MyProject4/Content/StarterContent/Blueprints/Blueprint_Effect_Explosion.uasset"
[2017.10.01-11.47.10:374][  0]LogPackFactory: Copied "../../../Samples/StarterContent/Content/StarterContent/Blueprints/Blueprint_Effect_Fire.uasset" to "G:/Documenten/GitHub/testproject/MyProject4/Content/StarterContent/Blueprints/Blueprint_Effect_Fire.uasset"
[2017.10.01-11.47.10:379][  0]LogPackFactory: Copied "../../../Samples/StarterContent/Content/StarterContent/Blueprints/Blueprint_Effect_Smoke.uasset" to "G:/Documenten/GitHub/testproject/MyProject4/Content/StarterContent/Blueprints/Blueprint_Effect_Smoke.uasset"
[2017.10.01-11.47.10:383][  0]LogPackFactory: Copied "../../../Samples/StarterContent/Content/StarterContent/Blueprints/Blueprint_Effect_Sparks.uasset" to "G:/Documenten/GitHub/testproject/MyProject4/Content/StarterContent/Blueprints/Blueprint_Effect_Sparks.uasset"
[2017.10.01-11.47.10:388][  0]LogPackFactory: Copied "../../../Samples/StarterContent/Content/StarterContent/Blueprints/Blueprint_Effect_Steam.uasset" to "G:/Documenten/GitHub/testproject/MyProject4/Content/StarterContent/Blueprints/Blueprint_Effect_Steam.uasset"
[2017.10.01-11.47.10:392][  0]LogPackFactory: Copied "../../../Samples/StarterContent/Content/StarterContent/Blueprints/Blueprint_WallSconce.uasset" to "G:/Documenten/GitHub/testproject/MyProject4/Content/StarterContent/Blueprints/Blueprint_WallSconce.uasset"
[2017.10.01-11.47.10:397][  0]LogPackFactory: Copied "../../../Samples/StarterContent/Content/StarterContent/Blueprints/BP_LightStudio.uasset" to "G:/Documenten/GitHub/testproject/MyProject4/Content/StarterContent/Blueprints/BP_LightStudio.uasset"
[2017.10.01-11.47.10:401][  0]LogPackFactory: Copied "../../../Samples/StarterContent/Content/StarterContent/Blueprints/Assets/FogBrightnessLUT.uasset" to "G:/Documenten/GitHub/testproject/MyProject4/Content/StarterContent/Blueprints/Assets/FogBrightnessLUT.uasset"
[2017.10.01-11.47.10:406][  0]LogPackFactory: Copied "../../../Samples/StarterContent/Content/StarterContent/Blueprints/Assets/M_LightStage_Arrows.uasset" to "G:/Documenten/GitHub/testproject/MyProject4/Content/StarterContent/Blueprints/Assets/M_LightStage_Arrows.uasset"
[2017.10.01-11.47.10:411][  0]LogPackFactory: Copied "../../../Samples/StarterContent/Content/StarterContent/Blueprints/Assets/M_LightStage_Skybox_Black.uasset" to "G:/Documenten/GitHub/testproject/MyProject4/Content/StarterContent/Blueprints/Assets/M_LightStage_Skybox_Black.uasset"
[2017.10.01-11.47.10:416][  0]LogPackFactory: Copied "../../../Samples/StarterContent/Content/StarterContent/Blueprints/Assets/M_LightStage_Skybox_HDRI.uasset" to "G:/Documenten/GitHub/testproject/MyProject4/Content/StarterContent/Blueprints/Assets/M_LightStage_Skybox_HDRI.uasset"
[2017.10.01-11.47.10:420][  0]LogPackFactory: Copied "../../../Samples/StarterContent/Content/StarterContent/Blueprints/Assets/M_LightStage_Skybox_Master.uasset" to "G:/Documenten/GitHub/testproject/MyProject4/Content/StarterContent/Blueprints/Assets/M_LightStage_Skybox_Master.uasset"
[2017.10.01-11.47.10:425][  0]LogPackFactory: Copied "../../../Samples/StarterContent/Content/StarterContent/Blueprints/Assets/Skybox.uasset" to "G:/Documenten/GitHub/testproject/MyProject4/Content/StarterContent/Blueprints/Assets/Skybox.uasset"
[2017.10.01-11.47.10:437][  0]LogPackFactory: Copied "../../../Samples/StarterContent/Content/StarterContent/Blueprints/Assets/SM_Arrows.uasset" to "G:/Documenten/GitHub/testproject/MyProject4/Content/StarterContent/Blueprints/Assets/SM_Arrows.uasset"
[2017.10.01-11.47.10:438][  0]LogPackFactory: Copied "../../../Samples/StarterContent/Content/StarterContent/Blueprints/Assets/SunlightColorLUT.uasset" to "G:/Documenten/GitHub/testproject/MyProject4/Content/StarterContent/Blueprints/Assets/SunlightColorLUT.uasset"
[2017.10.01-11.47.10:490][  0]LogPackFactory: Copied "../../../Samples/StarterContent/Content/StarterContent/HDRI/HDRI_Epic_Courtyard_Daylight.uasset" to "G:/Documenten/GitHub/testproject/MyProject4/Content/StarterContent/HDRI/HDRI_Epic_Courtyard_Daylight.uasset"
[2017.10.01-11.47.10:495][  0]LogPackFactory: Copied "../../../Samples/StarterContent/Content/StarterContent/Maps/Advanced_Lighting.umap" to "G:/Documenten/GitHub/testproject/MyProject4/Content/StarterContent/Maps/Advanced_Lighting.umap"
[2017.10.01-11.47.10:500][  0]LogPackFactory: Copied "../../../Samples/StarterContent/Content/StarterContent/Maps/Advanced_Lighting_BuiltData.uasset" to "G:/Documenten/GitHub/testproject/MyProject4/Content/StarterContent/Maps/Advanced_Lighting_BuiltData.uasset"
[2017.10.01-11.47.10:505][  0]LogPackFactory: Copied "../../../Samples/StarterContent/Content/StarterContent/Maps/Minimal_Default.umap" to "G:/Documenten/GitHub/testproject/MyProject4/Content/StarterContent/Maps/Minimal_Default.umap"
[2017.10.01-11.47.10:511][  0]LogPackFactory: Copied "../../../Samples/StarterContent/Content/StarterContent/Maps/Minimal_Default_BuiltData.uasset" to "G:/Documenten/GitHub/testproject/MyProject4/Content/StarterContent/Maps/Minimal_Default_BuiltData.uasset"
[2017.10.01-11.47.10:519][  0]LogPackFactory: Copied "../../../Samples/StarterContent/Content/StarterContent/Maps/StarterMap.umap" to "G:/Documenten/GitHub/testproject/MyProject4/Content/StarterContent/Maps/StarterMap.umap"
[2017.10.01-11.47.10:541][  0]LogPackFactory: Copied "../../../Samples/StarterContent/Content/StarterContent/Maps/StarterMap_BuiltData.uasset" to "G:/Documenten/GitHub/testproject/MyProject4/Content/StarterContent/Maps/StarterMap_BuiltData.uasset"
[2017.10.01-11.47.10:547][  0]LogPackFactory: Copied "../../../Samples/StarterContent/Content/StarterContent/Materials/M_AssetPlatform.uasset" to "G:/Documenten/GitHub/testproject/MyProject4/Content/StarterContent/Materials/M_AssetPlatform.uasset"
[2017.10.01-11.47.10:551][  0]LogPackFactory: Copied "../../../Samples/StarterContent/Content/StarterContent/Materials/M_Basic_Floor.uasset" to "G:/Documenten/GitHub/testproject/MyProject4/Content/StarterContent/Materials/M_Basic_Floor.uasset"
[2017.10.01-11.47.10:556][  0]LogPackFactory: Copied "../../../Samples/StarterContent/Content/StarterContent/Materials/M_Basic_Wall.uasset" to "G:/Documenten/GitHub/testproject/MyProject4/Content/StarterContent/Materials/M_Basic_Wall.uasset"
[2017.10.01-11.47.10:560][  0]LogPackFactory: Copied "../../../Samples/StarterContent/Content/StarterContent/Materials/M_Brick_Clay_Beveled.uasset" to "G:/Documenten/GitHub/testproject/MyProject4/Content/StarterContent/Materials/M_Brick_Clay_Beveled.uasset"
[2017.10.01-11.47.10:564][  0]LogPackFactory: Copied "../../../Samples/StarterContent/Content/StarterContent/Materials/M_Brick_Clay_New.uasset" to "G:/Documenten/GitHub/testproject/MyProject4/Content/StarterContent/Materials/M_Brick_Clay_New.uasset"
[2017.10.01-11.47.10:568][  0]LogPackFactory: Copied "../../../Samples/StarterContent/Content/StarterContent/Materials/M_Brick_Clay_Old.uasset" to "G:/Documenten/GitHub/testproject/MyProject4/Content/StarterContent/Materials/M_Brick_Clay_Old.uasset"
[2017.10.01-11.47.10:572][  0]LogPackFactory: Copied "../../../Samples/StarterContent/Content/StarterContent/Materials/M_Brick_Cut_Stone.uasset" to "G:/Documenten/GitHub/testproject/MyProject4/Content/StarterContent/Materials/M_Brick_Cut_Stone.uasset"
[2017.10.01-11.47.10:576][  0]LogPackFactory: Copied "../../../Samples/StarterContent/Content/StarterContent/Materials/M_Brick_Hewn_Stone.uasset" to "G:/Documenten/GitHub/testproject/MyProject4/Content/StarterContent/Materials/M_Brick_Hewn_Stone.uasset"
[2017.10.01-11.47.10:580][  0]LogPackFactory: Copied "../../../Samples/StarterContent/Content/StarterContent/Materials/M_Ceramic_Tile_Checker.uasset" to "G:/Documenten/GitHub/testproject/MyProject4/Content/StarterContent/Materials/M_Ceramic_Tile_Checker.uasset"
[2017.10.01-11.47.10:584][  0]LogPackFactory: Copied "../../../Samples/StarterContent/Content/StarterContent/Materials/M_CobbleStone_Pebble.uasset" to "G:/Documenten/GitHub/testproject/MyProject4/Content/StarterContent/Materials/M_CobbleStone_Pebble.uasset"
[2017.10.01-11.47.10:588][  0]LogPackFactory: Copied "../../../Samples/StarterContent/Content/StarterContent/Materials/M_CobbleStone_Rough.uasset" to "G:/Documenten/GitHub/testproject/MyProject4/Content/StarterContent/Materials/M_CobbleStone_Rough.uasset"
[2017.10.01-11.47.10:593][  0]LogPackFactory: Copied "../../../Samples/StarterContent/Content/StarterContent/Materials/M_CobbleStone_Smooth.uasset" to "G:/Documenten/GitHub/testproject/MyProject4/Content/StarterContent/Materials/M_CobbleStone_Smooth.uasset"
[2017.10.01-11.47.10:597][  0]LogPackFactory: Copied "../../../Samples/StarterContent/Content/StarterContent/Materials/M_ColorGrid_LowSpec.uasset" to "G:/Documenten/GitHub/testproject/MyProject4/Content/StarterContent/Materials/M_ColorGrid_LowSpec.uasset"
[2017.10.01-11.47.10:601][  0]LogPackFactory: Copied "../../../Samples/StarterContent/Content/StarterContent/Materials/M_Concrete_Grime.uasset" to "G:/Documenten/GitHub/testproject/MyProject4/Content/StarterContent/Materials/M_Concrete_Grime.uasset"
[2017.10.01-11.47.10:605][  0]LogPackFactory: Copied "../../../Samples/StarterContent/Content/StarterContent/Materials/M_Concrete_Panels.uasset" to "G:/Documenten/GitHub/testproject/MyProject4/Content/StarterContent/Materials/M_Concrete_Panels.uasset"
[2017.10.01-11.47.10:610][  0]LogPackFactory: Copied "../../../Samples/StarterContent/Content/StarterContent/Materials/M_Concrete_Poured.uasset" to "G:/Documenten/GitHub/testproject/MyProject4/Content/StarterContent/Materials/M_Concrete_Poured.uasset"
[2017.10.01-11.47.10:614][  0]LogPackFactory: Copied "../../../Samples/StarterContent/Content/StarterContent/Materials/M_Concrete_Tiles.uasset" to "G:/Documenten/GitHub/testproject/MyProject4/Content/StarterContent/Materials/M_Concrete_Tiles.uasset"
[2017.10.01-11.47.10:618][  0]LogPackFactory: Copied "../../../Samples/StarterContent/Content/StarterContent/Materials/M_Glass.uasset" to "G:/Documenten/GitHub/testproject/MyProject4/Content/StarterContent/Materials/M_Glass.uasset"
[2017.10.01-11.47.10:622][  0]LogPackFactory: Copied "../../../Samples/StarterContent/Content/StarterContent/Materials/M_Ground_Grass.uasset" to "G:/Documenten/GitHub/testproject/MyProject4/Content/StarterContent/Materials/M_Ground_Grass.uasset"
[2017.10.01-11.47.10:627][  0]LogPackFactory: Copied "../../../Samples/StarterContent/Content/StarterContent/Materials/M_Ground_Gravel.uasset" to "G:/Documenten/GitHub/testproject/MyProject4/Content/StarterContent/Materials/M_Ground_Gravel.uasset"
[2017.10.01-11.47.10:631][  0]LogPackFactory: Copied "../../../Samples/StarterContent/Content/StarterContent/Materials/M_Ground_Moss.uasset" to "G:/Documenten/GitHub/testproject/MyProject4/Content/StarterContent/Materials/M_Ground_Moss.uasset"
[2017.10.01-11.47.10:635][  0]LogPackFactory: Copied "../../../Samples/StarterContent/Content/StarterContent/Materials/M_Metal_Brushed_Nickel.uasset" to "G:/Documenten/GitHub/testproject/MyProject4/Content/StarterContent/Materials/M_Metal_Brushed_Nickel.uasset"
[2017.10.01-11.47.10:640][  0]LogPackFactory: Copied "../../../Samples/StarterContent/Content/StarterContent/Materials/M_Metal_Burnished_Steel.uasset" to "G:/Documenten/GitHub/testproject/MyProject4/Content/StarterContent/Materials/M_Metal_Burnished_Steel.uasset"
[2017.10.01-11.47.10:644][  0]LogPackFactory: Copied "../../../Samples/StarterContent/Content/StarterContent/Materials/M_Metal_Chrome.uasset" to "G:/Documenten/GitHub/testproject/MyProject4/Content/StarterContent/Materials/M_Metal_Chrome.uasset"
[2017.10.01-11.47.10:649][  0]LogPackFactory: Copied "../../../Samples/StarterContent/Content/StarterContent/Materials/M_Metal_Copper.uasset" to "G:/Documenten/GitHub/testproject/MyProject4/Content/StarterContent/Materials/M_Metal_Copper.uasset"
[2017.10.01-11.47.10:653][  0]LogPackFactory: Copied "../../../Samples/StarterContent/Content/StarterContent/Materials/M_Metal_Gold.uasset" to "G:/Documenten/GitHub/testproject/MyProject4/Content/StarterContent/Materials/M_Metal_Gold.uasset"
[2017.10.01-11.47.10:658][  0]LogPackFactory: Copied "../../../Samples/StarterContent/Content/StarterContent/Materials/M_Metal_Rust.uasset" to "G:/Documenten/GitHub/testproject/MyProject4/Content/StarterContent/Materials/M_Metal_Rust.uasset"
[2017.10.01-11.47.10:662][  0]LogPackFactory: Copied "../../../Samples/StarterContent/Content/StarterContent/Materials/M_Metal_Steel.uasset" to "G:/Documenten/GitHub/testproject/MyProject4/Content/StarterContent/Materials/M_Metal_Steel.uasset"
[2017.10.01-11.47.10:667][  0]LogPackFactory: Copied "../../../Samples/StarterContent/Content/StarterContent/Materials/M_Rock_Basalt.uasset" to "G:/Documenten/GitHub/testproject/MyProject4/Content/StarterContent/Materials/M_Rock_Basalt.uasset"
[2017.10.01-11.47.10:671][  0]LogPackFactory: Copied "../../../Samples/StarterContent/Content/StarterContent/Materials/M_Rock_Marble_Polished.uasset" to "G:/Documenten/GitHub/testproject/MyProject4/Content/StarterContent/Materials/M_Rock_Marble_Polished.uasset"
[2017.10.01-11.47.10:676][  0]LogPackFactory: Copied "../../../Samples/StarterContent/Content/StarterContent/Materials/M_Rock_Sandstone.uasset" to "G:/Documenten/GitHub/testproject/MyProject4/Content/StarterContent/Materials/M_Rock_Sandstone.uasset"
[2017.10.01-11.47.10:680][  0]LogPackFactory: Copied "../../../Samples/StarterContent/Content/StarterContent/Materials/M_Rock_Slate.uasset" to "G:/Documenten/GitHub/testproject/MyProject4/Content/StarterContent/Materials/M_Rock_Slate.uasset"
[2017.10.01-11.47.10:685][  0]LogPackFactory: Copied "../../../Samples/StarterContent/Content/StarterContent/Materials/M_Tech_Checker_Dot.uasset" to "G:/Documenten/GitHub/testproject/MyProject4/Content/StarterContent/Materials/M_Tech_Checker_Dot.uasset"
[2017.10.01-11.47.10:690][  0]LogPackFactory: Copied "../../../Samples/StarterContent/Content/StarterContent/Materials/M_Tech_Hex_Tile.uasset" to "G:/Documenten/GitHub/testproject/MyProject4/Content/StarterContent/Materials/M_Tech_Hex_Tile.uasset"
[2017.10.01-11.47.10:694][  0]LogPackFactory: Copied "../../../Samples/StarterContent/Content/StarterContent/Materials/M_Tech_Hex_Tile_Pulse.uasset" to "G:/Documenten/GitHub/testproject/MyProject4/Content/StarterContent/Materials/M_Tech_Hex_Tile_Pulse.uasset"
[2017.10.01-11.47.10:698][  0]LogPackFactory: Copied "../../../Samples/StarterContent/Content/StarterContent/Materials/M_Tech_Panel.uasset" to "G:/Documenten/GitHub/testproject/MyProject4/Content/StarterContent/Materials/M_Tech_Panel.uasset"
[2017.10.01-11.47.10:702][  0]LogPackFactory: Copied "../../../Samples/StarterContent/Content/StarterContent/Materials/M_Water_Lake.uasset" to "G:/Documenten/GitHub/testproject/MyProject4/Content/StarterContent/Materials/M_Water_Lake.uasset"
[2017.10.01-11.47.10:706][  0]LogPackFactory: Copied "../../../Samples/StarterContent/Content/StarterContent/Materials/M_Water_Ocean.uasset" to "G:/Documenten/GitHub/testproject/MyProject4/Content/StarterContent/Materials/M_Water_Ocean.uasset"
[2017.10.01-11.47.10:710][  0]LogPackFactory: Copied "../../../Samples/StarterContent/Content/StarterContent/Materials/M_Wood_Floor_Walnut_Polished.uasset" to "G:/Documenten/GitHub/testproject/MyProject4/Content/StarterContent/Materials/M_Wood_Floor_Walnut_Polished.uasset"
[2017.10.01-11.47.10:714][  0]LogPackFactory: Copied "../../../Samples/StarterContent/Content/StarterContent/Materials/M_Wood_Floor_Walnut_Worn.uasset" to "G:/Documenten/GitHub/testproject/MyProject4/Content/StarterContent/Materials/M_Wood_Floor_Walnut_Worn.uasset"
[2017.10.01-11.47.10:718][  0]LogPackFactory: Copied "../../../Samples/StarterContent/Content/StarterContent/Materials/M_Wood_Oak.uasset" to "G:/Documenten/GitHub/testproject/MyProject4/Content/StarterContent/Materials/M_Wood_Oak.uasset"
[2017.10.01-11.47.10:722][  0]LogPackFactory: Copied "../../../Samples/StarterContent/Content/StarterContent/Materials/M_Wood_Pine.uasset" to "G:/Documenten/GitHub/testproject/MyProject4/Content/StarterContent/Materials/M_Wood_Pine.uasset"
[2017.10.01-11.47.10:726][  0]LogPackFactory: Copied "../../../Samples/StarterContent/Content/StarterContent/Materials/M_Wood_Walnut.uasset" to "G:/Documenten/GitHub/testproject/MyProject4/Content/StarterContent/Materials/M_Wood_Walnut.uasset"
[2017.10.01-11.47.10:730][  0]LogPackFactory: Copied "../../../Samples/StarterContent/Content/StarterContent/Particles/P_Ambient_Dust.uasset" to "G:/Documenten/GitHub/testproject/MyProject4/Content/StarterContent/Particles/P_Ambient_Dust.uasset"
[2017.10.01-11.47.10:734][  0]LogPackFactory: Copied "../../../Samples/StarterContent/Content/StarterContent/Particles/P_Explosion.uasset" to "G:/Documenten/GitHub/testproject/MyProject4/Content/StarterContent/Particles/P_Explosion.uasset"
[2017.10.01-11.47.10:739][  0]LogPackFactory: Copied "../../../Samples/StarterContent/Content/StarterContent/Particles/P_Fire.uasset" to "G:/Documenten/GitHub/testproject/MyProject4/Content/StarterContent/Particles/P_Fire.uasset"
[2017.10.01-11.47.10:743][  0]LogPackFactory: Copied "../../../Samples/StarterContent/Content/StarterContent/Particles/P_Smoke.uasset" to "G:/Documenten/GitHub/testproject/MyProject4/Content/StarterContent/Particles/P_Smoke.uasset"
[2017.10.01-11.47.10:748][  0]LogPackFactory: Copied "../../../Samples/StarterContent/Content/StarterContent/Particles/P_Sparks.uasset" to "G:/Documenten/GitHub/testproject/MyProject4/Content/StarterContent/Particles/P_Sparks.uasset"
[2017.10.01-11.47.10:752][  0]LogPackFactory: Copied "../../../Samples/StarterContent/Content/StarterContent/Particles/P_Steam_Lit.uasset" to "G:/Documenten/GitHub/testproject/MyProject4/Content/StarterContent/Particles/P_Steam_Lit.uasset"
[2017.10.01-11.47.10:755][  0]LogPackFactory: Copied "../../../Samples/StarterContent/Content/StarterContent/Particles/Materials/M_Burst.uasset" to "G:/Documenten/GitHub/testproject/MyProject4/Content/StarterContent/Particles/Materials/M_Burst.uasset"
[2017.10.01-11.47.10:759][  0]LogPackFactory: Copied "../../../Samples/StarterContent/Content/StarterContent/Particles/Materials/M_Dust_Particle.uasset" to "G:/Documenten/GitHub/testproject/MyProject4/Content/StarterContent/Particles/Materials/M_Dust_Particle.uasset"
[2017.10.01-11.47.10:764][  0]LogPackFactory: Copied "../../../Samples/StarterContent/Content/StarterContent/Particles/Materials/M_explosion_subUV.uasset" to "G:/Documenten/GitHub/testproject/MyProject4/Content/StarterContent/Particles/Materials/M_explosion_subUV.uasset"
[2017.10.01-11.47.10:768][  0]LogPackFactory: Copied "../../../Samples/StarterContent/Content/StarterContent/Particles/Materials/M_Fire_SubUV.uasset" to "G:/Documenten/GitHub/testproject/MyProject4/Content/StarterContent/Particles/Materials/M_Fire_SubUV.uasset"
[2017.10.01-11.47.10:772][  0]LogPackFactory: Copied "../../../Samples/StarterContent/Content/StarterContent/Particles/Materials/m_flare_01.uasset" to "G:/Documenten/GitHub/testproject/MyProject4/Content/StarterContent/Particles/Materials/m_flare_01.uasset"
[2017.10.01-11.47.10:776][  0]LogPackFactory: Copied "../../../Samples/StarterContent/Content/StarterContent/Particles/Materials/M_Heat_Distortion.uasset" to "G:/Documenten/GitHub/testproject/MyProject4/Content/StarterContent/Particles/Materials/M_Heat_Distortion.uasset"
[2017.10.01-11.47.10:780][  0]LogPackFactory: Copied "../../../Samples/StarterContent/Content/StarterContent/Particles/Materials/M_Radial_Gradient.uasset" to "G:/Documenten/GitHub/testproject/MyProject4/Content/StarterContent/Particles/Materials/M_Radial_Gradient.uasset"
[2017.10.01-11.47.10:784][  0]LogPackFactory: Copied "../../../Samples/StarterContent/Content/StarterContent/Particles/Materials/M_radial_ramp.uasset" to "G:/Documenten/GitHub/testproject/MyProject4/Content/StarterContent/Particles/Materials/M_radial_ramp.uasset"
[2017.10.01-11.47.10:789][  0]LogPackFactory: Copied "../../../Samples/StarterContent/Content/StarterContent/Particles/Materials/M_smoke_subUV.uasset" to "G:/Documenten/GitHub/testproject/MyProject4/Content/StarterContent/Particles/Materials/M_smoke_subUV.uasset"
[2017.10.01-11.47.10:793][  0]LogPackFactory: Copied "../../../Samples/StarterContent/Content/StarterContent/Particles/Materials/M_Spark.uasset" to "G:/Documenten/GitHub/testproject/MyProject4/Content/StarterContent/Particles/Materials/M_Spark.uasset"
[2017.10.01-11.47.10:797][  0]LogPackFactory: Copied "../../../Samples/StarterContent/Content/StarterContent/Props/MaterialSphere.uasset" to "G:/Documenten/GitHub/testproject/MyProject4/Content/StarterContent/Props/MaterialSphere.uasset"
[2017.10.01-11.47.10:804][  0]LogPackFactory: Copied "../../../Samples/StarterContent/Content/StarterContent/Props/SM_Bush.uasset" to "G:/Documenten/GitHub/testproject/MyProject4/Content/StarterContent/Props/SM_Bush.uasset"
[2017.10.01-11.47.10:808][  0]LogPackFactory: Copied "../../../Samples/StarterContent/Content/StarterContent/Props/SM_Chair.uasset" to "G:/Documenten/GitHub/testproject/MyProject4/Content/StarterContent/Props/SM_Chair.uasset"
[2017.10.01-11.47.10:812][  0]LogPackFactory: Copied "../../../Samples/StarterContent/Content/StarterContent/Props/SM_CornerFrame.uasset" to "G:/Documenten/GitHub/testproject/MyProject4/Content/StarterContent/Props/SM_CornerFrame.uasset"
[2017.10.01-11.47.10:816][  0]LogPackFactory: Copied "../../../Samples/StarterContent/Content/StarterContent/Props/SM_Couch.uasset" to "G:/Documenten/GitHub/testproject/MyProject4/Content/StarterContent/Props/SM_Couch.uasset"
[2017.10.01-11.47.10:820][  0]LogPackFactory: Copied "../../../Samples/StarterContent/Content/StarterContent/Props/SM_Door.uasset" to "G:/Documenten/GitHub/testproject/MyProject4/Content/StarterContent/Props/SM_Door.uasset"
[2017.10.01-11.47.10:824][  0]LogPackFactory: Copied "../../../Samples/StarterContent/Content/StarterContent/Props/SM_DoorFrame.uasset" to "G:/Documenten/GitHub/testproject/MyProject4/Content/StarterContent/Props/SM_DoorFrame.uasset"
[2017.10.01-11.47.10:832][  0]LogPackFactory: Copied "../../../Samples/StarterContent/Content/StarterContent/Props/SM_GlassWindow.uasset" to "G:/Documenten/GitHub/testproject/MyProject4/Content/StarterContent/Props/SM_GlassWindow.uasset"
[2017.10.01-11.47.10:836][  0]LogPackFactory: Copied "../../../Samples/StarterContent/Content/StarterContent/Props/SM_Lamp_Ceiling.uasset" to "G:/Documenten/GitHub/testproject/MyProject4/Content/StarterContent/Props/SM_Lamp_Ceiling.uasset"
[2017.10.01-11.47.10:840][  0]LogPackFactory: Copied "../../../Samples/StarterContent/Content/StarterContent/Props/SM_Lamp_Wall.uasset" to "G:/Documenten/GitHub/testproject/MyProject4/Content/StarterContent/Props/SM_Lamp_Wall.uasset"
[2017.10.01-11.47.10:846][  0]LogPackFactory: Copied "../../../Samples/StarterContent/Content/StarterContent/Props/SM_MatPreviewMesh_02.uasset" to "G:/Documenten/GitHub/testproject/MyProject4/Content/StarterContent/Props/SM_MatPreviewMesh_02.uasset"
[2017.10.01-11.47.10:850][  0]LogPackFactory: Copied "../../../Samples/StarterContent/Content/StarterContent/Props/SM_PillarFrame.uasset" to "G:/Documenten/GitHub/testproject/MyProject4/Content/StarterContent/Props/SM_PillarFrame.uasset"
[2017.10.01-11.47.10:854][  0]LogPackFactory: Copied "../../../Samples/StarterContent/Content/StarterContent/Props/SM_PillarFrame300.uasset" to "G:/Documenten/GitHub/testproject/MyProject4/Content/StarterContent/Props/SM_PillarFrame300.uasset"
[2017.10.01-11.47.10:859][  0]LogPackFactory: Copied "../../../Samples/StarterContent/Content/StarterContent/Props/SM_Rock.uasset" to "G:/Documenten/GitHub/testproject/MyProject4/Content/StarterContent/Props/SM_Rock.uasset"
[2017.10.01-11.47.10:864][  0]LogPackFactory: Copied "../../../Samples/StarterContent/Content/StarterContent/Props/SM_Shelf.uasset" to "G:/Documenten/GitHub/testproject/MyProject4/Content/StarterContent/Props/SM_Shelf.uasset"
[2017.10.01-11.47.10:868][  0]LogPackFactory: Copied "../../../Samples/StarterContent/Content/StarterContent/Props/SM_Stairs.uasset" to "G:/Documenten/GitHub/testproject/MyProject4/Content/StarterContent/Props/SM_Stairs.uasset"
[2017.10.01-11.47.10:872][  0]LogPackFactory: Copied "../../../Samples/StarterContent/Content/StarterContent/Props/SM_Statue.uasset" to "G:/Documenten/GitHub/testproject/MyProject4/Content/StarterContent/Props/SM_Statue.uasset"
[2017.10.01-11.47.10:894][  0]LogPackFactory: Copied "../../../Samples/StarterContent/Content/StarterContent/Props/SM_TableRound.uasset" to "G:/Documenten/GitHub/testproject/MyProject4/Content/StarterContent/Props/SM_TableRound.uasset"
[2017.10.01-11.47.10:898][  0]LogPackFactory: Copied "../../../Samples/StarterContent/Content/StarterContent/Props/SM_WindowFrame.uasset" to "G:/Documenten/GitHub/testproject/MyProject4/Content/StarterContent/Props/SM_WindowFrame.uasset"
[2017.10.01-11.47.10:903][  0]LogPackFactory: Copied "../../../Samples/StarterContent/Content/StarterContent/Props/Materials/M_Bush.uasset" to "G:/Documenten/GitHub/testproject/MyProject4/Content/StarterContent/Props/Materials/M_Bush.uasset"
[2017.10.01-11.47.10:907][  0]LogPackFactory: Copied "../../../Samples/StarterContent/Content/StarterContent/Props/Materials/M_Chair.uasset" to "G:/Documenten/GitHub/testproject/MyProject4/Content/StarterContent/Props/Materials/M_Chair.uasset"
[2017.10.01-11.47.10:912][  0]LogPackFactory: Copied "../../../Samples/StarterContent/Content/StarterContent/Props/Materials/M_Door.uasset" to "G:/Documenten/GitHub/testproject/MyProject4/Content/StarterContent/Props/Materials/M_Door.uasset"
[2017.10.01-11.47.10:916][  0]LogPackFactory: Copied "../../../Samples/StarterContent/Content/StarterContent/Props/Materials/M_Frame.uasset" to "G:/Documenten/GitHub/testproject/MyProject4/Content/StarterContent/Props/Materials/M_Frame.uasset"
[2017.10.01-11.47.10:920][  0]LogPackFactory: Copied "../../../Samples/StarterContent/Content/StarterContent/Props/Materials/M_Lamp.uasset" to "G:/Documenten/GitHub/testproject/MyProject4/Content/StarterContent/Props/Materials/M_Lamp.uasset"
[2017.10.01-11.47.10:924][  0]LogPackFactory: Copied "../../../Samples/StarterContent/Content/StarterContent/Props/Materials/M_MaterialSphere.uasset" to "G:/Documenten/GitHub/testproject/MyProject4/Content/StarterContent/Props/Materials/M_MaterialSphere.uasset"
[2017.10.01-11.47.10:929][  0]LogPackFactory: Copied "../../../Samples/StarterContent/Content/StarterContent/Props/Materials/M_MaterialSphere_Plain.uasset" to "G:/Documenten/GitHub/testproject/MyProject4/Content/StarterContent/Props/Materials/M_MaterialSphere_Plain.uasset"
[2017.10.01-11.47.10:933][  0]LogPackFactory: Copied "../../../Samples/StarterContent/Content/StarterContent/Props/Materials/M_Rock.uasset" to "G:/Documenten/GitHub/testproject/MyProject4/Content/StarterContent/Props/Materials/M_Rock.uasset"
[2017.10.01-11.47.10:937][  0]LogPackFactory: Copied "../../../Samples/StarterContent/Content/StarterContent/Props/Materials/M_Shelf.uasset" to "G:/Documenten/GitHub/testproject/MyProject4/Content/StarterContent/Props/Materials/M_Shelf.uasset"
[2017.10.01-11.47.10:941][  0]LogPackFactory: Copied "../../../Samples/StarterContent/Content/StarterContent/Props/Materials/M_Statue.uasset" to "G:/Documenten/GitHub/testproject/MyProject4/Content/StarterContent/Props/Materials/M_Statue.uasset"
[2017.10.01-11.47.10:945][  0]LogPackFactory: Copied "../../../Samples/StarterContent/Content/StarterContent/Props/Materials/M_StatueGlass.uasset" to "G:/Documenten/GitHub/testproject/MyProject4/Content/StarterContent/Props/Materials/M_StatueGlass.uasset"
[2017.10.01-11.47.10:949][  0]LogPackFactory: Copied "../../../Samples/StarterContent/Content/StarterContent/Props/Materials/M_TableRound.uasset" to "G:/Documenten/GitHub/testproject/MyProject4/Content/StarterContent/Props/Materials/M_TableRound.uasset"
[2017.10.01-11.47.10:953][  0]LogPackFactory: Copied "../../../Samples/StarterContent/Content/StarterContent/Shapes/Shape_Cone.uasset" to "G:/Documenten/GitHub/testproject/MyProject4/Content/StarterContent/Shapes/Shape_Cone.uasset"
[2017.10.01-11.47.10:958][  0]LogPackFactory: Copied "../../../Samples/StarterContent/Content/StarterContent/Shapes/Shape_Cube.uasset" to "G:/Documenten/GitHub/testproject/MyProject4/Content/StarterContent/Shapes/Shape_Cube.uasset"
[2017.10.01-11.47.10:965][  0]LogPackFactory: Copied "../../../Samples/StarterContent/Content/StarterContent/Shapes/Shape_Cylinder.uasset" to "G:/Documenten/GitHub/testproject/MyProject4/Content/StarterContent/Shapes/Shape_Cylinder.uasset"
[2017.10.01-11.47.10:970][  0]LogPackFactory: Copied "../../../Samples/StarterContent/Content/StarterContent/Shapes/Shape_NarrowCapsule.uasset" to "G:/Documenten/GitHub/testproject/MyProject4/Content/StarterContent/Shapes/Shape_NarrowCapsule.uasset"
[2017.10.01-11.47.10:975][  0]LogPackFactory: Copied "../../../Samples/StarterContent/Content/StarterContent/Shapes/Shape_Pipe.uasset" to "G:/Documenten/GitHub/testproject/MyProject4/Content/StarterContent/Shapes/Shape_Pipe.uasset"
[2017.10.01-11.47.10:980][  0]LogPackFactory: Copied "../../../Samples/StarterContent/Content/StarterContent/Shapes/Shape_Pipe_180.uasset" to "G:/Documenten/GitHub/testproject/MyProject4/Content/StarterContent/Shapes/Shape_Pipe_180.uasset"
[2017.10.01-11.47.10:984][  0]LogPackFactory: Copied "../../../Samples/StarterContent/Content/StarterContent/Shapes/Shape_Pipe_90.uasset" to "G:/Documenten/GitHub/testproject/MyProject4/Content/StarterContent/Shapes/Shape_Pipe_90.uasset"
[2017.10.01-11.47.10:988][  0]LogPackFactory: Copied "../../../Samples/StarterContent/Content/StarterContent/Shapes/Shape_Plane.uasset" to "G:/Documenten/GitHub/testproject/MyProject4/Content/StarterContent/Shapes/Shape_Plane.uasset"
[2017.10.01-11.47.10:993][  0]LogPackFactory: Copied "../../../Samples/StarterContent/Content/StarterContent/Shapes/Shape_QuadPyramid.uasset" to "G:/Documenten/GitHub/testproject/MyProject4/Content/StarterContent/Shapes/Shape_QuadPyramid.uasset"
[2017.10.01-11.47.10:998][  0]LogPackFactory: Copied "../../../Samples/StarterContent/Content/StarterContent/Shapes/Shape_Sphere.uasset" to "G:/Documenten/GitHub/testproject/MyProject4/Content/StarterContent/Shapes/Shape_Sphere.uasset"
[2017.10.01-11.47.11:002][  0]LogPackFactory: Copied "../../../Samples/StarterContent/Content/StarterContent/Shapes/Shape_Torus.uasset" to "G:/Documenten/GitHub/testproject/MyProject4/Content/StarterContent/Shapes/Shape_Torus.uasset"
[2017.10.01-11.47.11:007][  0]LogPackFactory: Copied "../../../Samples/StarterContent/Content/StarterContent/Shapes/Shape_Trim.uasset" to "G:/Documenten/GitHub/testproject/MyProject4/Content/StarterContent/Shapes/Shape_Trim.uasset"
[2017.10.01-11.47.11:011][  0]LogPackFactory: Copied "../../../Samples/StarterContent/Content/StarterContent/Shapes/Shape_Trim_90_In.uasset" to "G:/Documenten/GitHub/testproject/MyProject4/Content/StarterContent/Shapes/Shape_Trim_90_In.uasset"
[2017.10.01-11.47.11:016][  0]LogPackFactory: Copied "../../../Samples/StarterContent/Content/StarterContent/Shapes/Shape_Trim_90_Out.uasset" to "G:/Documenten/GitHub/testproject/MyProject4/Content/StarterContent/Shapes/Shape_Trim_90_Out.uasset"
[2017.10.01-11.47.11:020][  0]LogPackFactory: Copied "../../../Samples/StarterContent/Content/StarterContent/Shapes/Shape_TriPyramid.uasset" to "G:/Documenten/GitHub/testproject/MyProject4/Content/StarterContent/Shapes/Shape_TriPyramid.uasset"
[2017.10.01-11.47.11:024][  0]LogPackFactory: Copied "../../../Samples/StarterContent/Content/StarterContent/Shapes/Shape_Tube.uasset" to "G:/Documenten/GitHub/testproject/MyProject4/Content/StarterContent/Shapes/Shape_Tube.uasset"
[2017.10.01-11.47.11:029][  0]LogPackFactory: Copied "../../../Samples/StarterContent/Content/StarterContent/Shapes/Shape_Wedge_A.uasset" to "G:/Documenten/GitHub/testproject/MyProject4/Content/StarterContent/Shapes/Shape_Wedge_A.uasset"
[2017.10.01-11.47.11:034][  0]LogPackFactory: Copied "../../../Samples/StarterContent/Content/StarterContent/Shapes/Shape_Wedge_B.uasset" to "G:/Documenten/GitHub/testproject/MyProject4/Content/StarterContent/Shapes/Shape_Wedge_B.uasset"
[2017.10.01-11.47.11:038][  0]LogPackFactory: Copied "../../../Samples/StarterContent/Content/StarterContent/Shapes/Shape_WideCapsule.uasset" to "G:/Documenten/GitHub/testproject/MyProject4/Content/StarterContent/Shapes/Shape_WideCapsule.uasset"
[2017.10.01-11.47.11:046][  0]LogPackFactory: Copied "../../../Samples/StarterContent/Content/StarterContent/Textures/T_Brick_Clay_Beveled_D.uasset" to "G:/Documenten/GitHub/testproject/MyProject4/Content/StarterContent/Textures/T_Brick_Clay_Beveled_D.uasset"
[2017.10.01-11.47.11:055][  0]LogPackFactory: Copied "../../../Samples/StarterContent/Content/StarterContent/Textures/T_Brick_Clay_Beveled_M.uasset" to "G:/Documenten/GitHub/testproject/MyProject4/Content/StarterContent/Textures/T_Brick_Clay_Beveled_M.uasset"
[2017.10.01-11.47.11:063][  0]LogPackFactory: Copied "../../../Samples/StarterContent/Content/StarterContent/Textures/T_Brick_Clay_Beveled_N.uasset" to "G:/Documenten/GitHub/testproject/MyProject4/Content/StarterContent/Textures/T_Brick_Clay_Beveled_N.uasset"
[2017.10.01-11.47.11:071][  0]LogPackFactory: Copied "../../../Samples/StarterContent/Content/StarterContent/Textures/T_Brick_Clay_New_D.uasset" to "G:/Documenten/GitHub/testproject/MyProject4/Content/StarterContent/Textures/T_Brick_Clay_New_D.uasset"
[2017.10.01-11.47.11:080][  0]LogPackFactory: Copied "../../../Samples/StarterContent/Content/StarterContent/Textures/T_Brick_Clay_New_M.uasset" to "G:/Documenten/GitHub/testproject/MyProject4/Content/StarterContent/Textures/T_Brick_Clay_New_M.uasset"
[2017.10.01-11.47.11:089][  0]LogPackFactory: Copied "../../../Samples/StarterContent/Content/StarterContent/Textures/T_Brick_Clay_New_N.uasset" to "G:/Documenten/GitHub/testproject/MyProject4/Content/StarterContent/Textures/T_Brick_Clay_New_N.uasset"
[2017.10.01-11.47.11:100][  0]LogPackFactory: Copied "../../../Samples/StarterContent/Content/StarterContent/Textures/T_Brick_Clay_Old_D.uasset" to "G:/Documenten/GitHub/testproject/MyProject4/Content/StarterContent/Textures/T_Brick_Clay_Old_D.uasset"
[2017.10.01-11.47.11:109][  0]LogPackFactory: Copied "../../../Samples/StarterContent/Content/StarterContent/Textures/T_Brick_Clay_Old_N.uasset" to "G:/Documenten/GitHub/testproject/MyProject4/Content/StarterContent/Textures/T_Brick_Clay_Old_N.uasset"
[2017.10.01-11.47.11:121][  0]LogPackFactory: Copied "../../../Samples/StarterContent/Content/StarterContent/Textures/T_Brick_Cut_Stone_D.uasset" to "G:/Documenten/GitHub/testproject/MyProject4/Content/StarterContent/Textures/T_Brick_Cut_Stone_D.uasset"
[2017.10.01-11.47.11:128][  0]LogPackFactory: Copied "../../../Samples/StarterContent/Content/StarterContent/Textures/T_Brick_Cut_Stone_N.uasset" to "G:/Documenten/GitHub/testproject/MyProject4/Content/StarterContent/Textures/T_Brick_Cut_Stone_N.uasset"
[2017.10.01-11.47.11:137][  0]LogPackFactory: Copied "../../../Samples/StarterContent/Content/StarterContent/Textures/T_Brick_Hewn_Stone_D.uasset" to "G:/Documenten/GitHub/testproject/MyProject4/Content/StarterContent/Textures/T_Brick_Hewn_Stone_D.uasset"
[2017.10.01-11.47.11:146][  0]LogPackFactory: Copied "../../../Samples/StarterContent/Content/StarterContent/Textures/T_Brick_Hewn_Stone_M.uasset" to "G:/Documenten/GitHub/testproject/MyProject4/Content/StarterContent/Textures/T_Brick_Hewn_Stone_M.uasset"
[2017.10.01-11.47.11:156][  0]LogPackFactory: Copied "../../../Samples/StarterContent/Content/StarterContent/Textures/T_Brick_Hewn_Stone_N.uasset" to "G:/Documenten/GitHub/testproject/MyProject4/Content/StarterContent/Textures/T_Brick_Hewn_Stone_N.uasset"
[2017.10.01-11.47.11:160][  0]LogPackFactory: Copied "../../../Samples/StarterContent/Content/StarterContent/Textures/T_Burst_M.uasset" to "G:/Documenten/GitHub/testproject/MyProject4/Content/StarterContent/Textures/T_Burst_M.uasset"
[2017.10.01-11.47.11:165][  0]LogPackFactory: Copied "../../../Samples/StarterContent/Content/StarterContent/Textures/T_Bush_D.uasset" to "G:/Documenten/GitHub/testproject/MyProject4/Content/StarterContent/Textures/T_Bush_D.uasset"
[2017.10.01-11.47.11:170][  0]LogPackFactory: Copied "../../../Samples/StarterContent/Content/StarterContent/Textures/T_Bush_N.uasset" to "G:/Documenten/GitHub/testproject/MyProject4/Content/StarterContent/Textures/T_Bush_N.uasset"
[2017.10.01-11.47.11:175][  0]LogPackFactory: Copied "../../../Samples/StarterContent/Content/StarterContent/Textures/T_Ceramic_Tile_M.uasset" to "G:/Documenten/GitHub/testproject/MyProject4/Content/StarterContent/Textures/T_Ceramic_Tile_M.uasset"
[2017.10.01-11.47.11:180][  0]LogPackFactory: Copied "../../../Samples/StarterContent/Content/StarterContent/Textures/T_Ceramic_Tile_N.uasset" to "G:/Documenten/GitHub/testproject/MyProject4/Content/StarterContent/Textures/T_Ceramic_Tile_N.uasset"
[2017.10.01-11.47.11:185][  0]LogPackFactory: Copied "../../../Samples/StarterContent/Content/StarterContent/Textures/T_Chair_M.uasset" to "G:/Documenten/GitHub/testproject/MyProject4/Content/StarterContent/Textures/T_Chair_M.uasset"
[2017.10.01-11.47.11:197][  0]LogPackFactory: Copied "../../../Samples/StarterContent/Content/StarterContent/Textures/T_Chair_N.uasset" to "G:/Documenten/GitHub/testproject/MyProject4/Content/StarterContent/Textures/T_Chair_N.uasset"
[2017.10.01-11.47.11:202][  0]LogPackFactory: Copied "../../../Samples/StarterContent/Content/StarterContent/Textures/T_Checker_Noise_M.uasset" to "G:/Documenten/GitHub/testproject/MyProject4/Content/StarterContent/Textures/T_Checker_Noise_M.uasset"
[2017.10.01-11.47.11:213][  0]LogPackFactory: Copied "../../../Samples/StarterContent/Content/StarterContent/Textures/T_CobbleStone_Pebble_D.uasset" to "G:/Documenten/GitHub/testproject/MyProject4/Content/StarterContent/Textures/T_CobbleStone_Pebble_D.uasset"
[2017.10.01-11.47.11:218][  0]LogPackFactory: Copied "../../../Samples/StarterContent/Content/StarterContent/Textures/T_CobbleStone_Pebble_M.uasset" to "G:/Documenten/GitHub/testproject/MyProject4/Content/StarterContent/Textures/T_CobbleStone_Pebble_M.uasset"
[2017.10.01-11.47.11:230][  0]LogPackFactory: Copied "../../../Samples/StarterContent/Content/StarterContent/Textures/T_CobbleStone_Pebble_N.uasset" to "G:/Documenten/GitHub/testproject/MyProject4/Content/StarterContent/Textures/T_CobbleStone_Pebble_N.uasset"
[2017.10.01-11.47.11:237][  0]LogPackFactory: Copied "../../../Samples/StarterContent/Content/StarterContent/Textures/T_CobbleStone_Rough_D.uasset" to "G:/Documenten/GitHub/testproject/MyProject4/Content/StarterContent/Textures/T_CobbleStone_Rough_D.uasset"
[2017.10.01-11.47.11:244][  0]LogPackFactory: Copied "../../../Samples/StarterContent/Content/StarterContent/Textures/T_CobbleStone_Rough_N.uasset" to "G:/Documenten/GitHub/testproject/MyProject4/Content/StarterContent/Textures/T_CobbleStone_Rough_N.uasset"
[2017.10.01-11.47.11:284][  0]LogPackFactory: Copied "../../../Samples/StarterContent/Content/StarterContent/Textures/T_CobbleStone_Smooth_D.uasset" to "G:/Documenten/GitHub/testproject/MyProject4/Content/StarterContent/Textures/T_CobbleStone_Smooth_D.uasset"
[2017.10.01-11.47.11:294][  0]LogPackFactory: Copied "../../../Samples/StarterContent/Content/StarterContent/Textures/T_CobbleStone_Smooth_M.uasset" to "G:/Documenten/GitHub/testproject/MyProject4/Content/StarterContent/Textures/T_CobbleStone_Smooth_M.uasset"
[2017.10.01-11.47.11:305][  0]LogPackFactory: Copied "../../../Samples/StarterContent/Content/StarterContent/Textures/T_CobbleStone_Smooth_N.uasset" to "G:/Documenten/GitHub/testproject/MyProject4/Content/StarterContent/Textures/T_CobbleStone_Smooth_N.uasset"
[2017.10.01-11.47.11:317][  0]LogPackFactory: Copied "../../../Samples/StarterContent/Content/StarterContent/Textures/T_Concrete_Grime_D.uasset" to "G:/Documenten/GitHub/testproject/MyProject4/Content/StarterContent/Textures/T_Concrete_Grime_D.uasset"
[2017.10.01-11.47.11:327][  0]LogPackFactory: Copied "../../../Samples/StarterContent/Content/StarterContent/Textures/T_Concrete_Panels_D.uasset" to "G:/Documenten/GitHub/testproject/MyProject4/Content/StarterContent/Textures/T_Concrete_Panels_D.uasset"
[2017.10.01-11.47.11:334][  0]LogPackFactory: Copied "../../../Samples/StarterContent/Content/StarterContent/Textures/T_Concrete_Panels_N.uasset" to "G:/Documenten/GitHub/testproject/MyProject4/Content/StarterContent/Textures/T_Concrete_Panels_N.uasset"
[2017.10.01-11.47.11:346][  0]LogPackFactory: Copied "../../../Samples/StarterContent/Content/StarterContent/Textures/T_Concrete_Poured_D.uasset" to "G:/Documenten/GitHub/testproject/MyProject4/Content/StarterContent/Textures/T_Concrete_Poured_D.uasset"
[2017.10.01-11.47.11:354][  0]LogPackFactory: Copied "../../../Samples/StarterContent/Content/StarterContent/Textures/T_Concrete_Poured_N.uasset" to "G:/Documenten/GitHub/testproject/MyProject4/Content/StarterContent/Textures/T_Concrete_Poured_N.uasset"
[2017.10.01-11.47.11:363][  0]LogPackFactory: Copied "../../../Samples/StarterContent/Content/StarterContent/Textures/T_Concrete_Tiles_D.uasset" to "G:/Documenten/GitHub/testproject/MyProject4/Content/StarterContent/Textures/T_Concrete_Tiles_D.uasset"
[2017.10.01-11.47.11:371][  0]LogPackFactory: Copied "../../../Samples/StarterContent/Content/StarterContent/Textures/T_Concrete_Tiles_M.uasset" to "G:/Documenten/GitHub/testproject/MyProject4/Content/StarterContent/Textures/T_Concrete_Tiles_M.uasset"
[2017.10.01-11.47.11:380][  0]LogPackFactory: Copied "../../../Samples/StarterContent/Content/StarterContent/Textures/T_Concrete_Tiles_N.uasset" to "G:/Documenten/GitHub/testproject/MyProject4/Content/StarterContent/Textures/T_Concrete_Tiles_N.uasset"
[2017.10.01-11.47.11:381][  0]LogPackFactory: Copied "../../../Samples/StarterContent/Content/StarterContent/Textures/T_Concrete_Tiles_Variation_M.uasset" to "G:/Documenten/GitHub/testproject/MyProject4/Content/StarterContent/Textures/T_Concrete_Tiles_Variation_M.uasset"
[2017.10.01-11.47.11:387][  0]LogPackFactory: Copied "../../../Samples/StarterContent/Content/StarterContent/Textures/T_Detail_Rocky_N.uasset" to "G:/Documenten/GitHub/testproject/MyProject4/Content/StarterContent/Textures/T_Detail_Rocky_N.uasset"
[2017.10.01-11.47.11:391][  0]LogPackFactory: Copied "../../../Samples/StarterContent/Content/StarterContent/Textures/T_Door_M.uasset" to "G:/Documenten/GitHub/testproject/MyProject4/Content/StarterContent/Textures/T_Door_M.uasset"
[2017.10.01-11.47.11:396][  0]LogPackFactory: Copied "../../../Samples/StarterContent/Content/StarterContent/Textures/T_Door_N.uasset" to "G:/Documenten/GitHub/testproject/MyProject4/Content/StarterContent/Textures/T_Door_N.uasset"
[2017.10.01-11.47.11:400][  0]LogPackFactory: Copied "../../../Samples/StarterContent/Content/StarterContent/Textures/T_Dust_Particle_D.uasset" to "G:/Documenten/GitHub/testproject/MyProject4/Content/StarterContent/Textures/T_Dust_Particle_D.uasset"
[2017.10.01-11.47.11:406][  0]LogPackFactory: Copied "../../../Samples/StarterContent/Content/StarterContent/Textures/T_Explosion_SubUV.uasset" to "G:/Documenten/GitHub/testproject/MyProject4/Content/StarterContent/Textures/T_Explosion_SubUV.uasset"
[2017.10.01-11.47.11:410][  0]LogPackFactory: Copied "../../../Samples/StarterContent/Content/StarterContent/Textures/T_Fire_SubUV.uasset" to "G:/Documenten/GitHub/testproject/MyProject4/Content/StarterContent/Textures/T_Fire_SubUV.uasset"
[2017.10.01-11.47.11:415][  0]LogPackFactory: Copied "../../../Samples/StarterContent/Content/StarterContent/Textures/T_Fire_Tiled_D.uasset" to "G:/Documenten/GitHub/testproject/MyProject4/Content/StarterContent/Textures/T_Fire_Tiled_D.uasset"
[2017.10.01-11.47.11:419][  0]LogPackFactory: Copied "../../../Samples/StarterContent/Content/StarterContent/Textures/T_Frame_M.uasset" to "G:/Documenten/GitHub/testproject/MyProject4/Content/StarterContent/Textures/T_Frame_M.uasset"
[2017.10.01-11.47.11:424][  0]LogPackFactory: Copied "../../../Samples/StarterContent/Content/StarterContent/Textures/T_Frame_N.uasset" to "G:/Documenten/GitHub/testproject/MyProject4/Content/StarterContent/Textures/T_Frame_N.uasset"
[2017.10.01-11.47.11:428][  0]LogPackFactory: Copied "../../../Samples/StarterContent/Content/StarterContent/Textures/T_Gradinet_01.uasset" to "G:/Documenten/GitHub/testproject/MyProject4/Content/StarterContent/Textures/T_Gradinet_01.uasset"
[2017.10.01-11.47.11:439][  0]LogPackFactory: Copied "../../../Samples/StarterContent/Content/StarterContent/Textures/T_Ground_Grass_D.uasset" to "G:/Documenten/GitHub/testproject/MyProject4/Content/StarterContent/Textures/T_Ground_Grass_D.uasset"
[2017.10.01-11.47.11:451][  0]LogPackFactory: Copied "../../../Samples/StarterContent/Content/StarterContent/Textures/T_Ground_Grass_N.uasset" to "G:/Documenten/GitHub/testproject/MyProject4/Content/StarterContent/Textures/T_Ground_Grass_N.uasset"
[2017.10.01-11.47.11:461][  0]LogPackFactory: Copied "../../../Samples/StarterContent/Content/StarterContent/Textures/T_Ground_Gravel_D.uasset" to "G:/Documenten/GitHub/testproject/MyProject4/Content/StarterContent/Textures/T_Ground_Gravel_D.uasset"
[2017.10.01-11.47.11:469][  0]LogPackFactory: Copied "../../../Samples/StarterContent/Content/StarterContent/Textures/T_Ground_Gravel_N.uasset" to "G:/Documenten/GitHub/testproject/MyProject4/Content/StarterContent/Textures/T_Ground_Gravel_N.uasset"
[2017.10.01-11.47.11:486][  0]LogPackFactory: Copied "../../../Samples/StarterContent/Content/StarterContent/Textures/T_ground_Moss_D.uasset" to "G:/Documenten/GitHub/testproject/MyProject4/Content/StarterContent/Textures/T_ground_Moss_D.uasset"
[2017.10.01-11.47.11:495][  0]LogPackFactory: Copied "../../../Samples/StarterContent/Content/StarterContent/Textures/T_Ground_Moss_N.uasset" to "G:/Documenten/GitHub/testproject/MyProject4/Content/StarterContent/Textures/T_Ground_Moss_N.uasset"
[2017.10.01-11.47.11:500][  0]LogPackFactory: Copied "../../../Samples/StarterContent/Content/StarterContent/Textures/T_Lamp_M.uasset" to "G:/Documenten/GitHub/testproject/MyProject4/Content/StarterContent/Textures/T_Lamp_M.uasset"
[2017.10.01-11.47.11:507][  0]LogPackFactory: Copied "../../../Samples/StarterContent/Content/StarterContent/Textures/T_Lamp_N.uasset" to "G:/Documenten/GitHub/testproject/MyProject4/Content/StarterContent/Textures/T_Lamp_N.uasset"
[2017.10.01-11.47.11:517][  0]LogPackFactory: Copied "../../../Samples/StarterContent/Content/StarterContent/Textures/T_MacroVariation.uasset" to "G:/Documenten/GitHub/testproject/MyProject4/Content/StarterContent/Textures/T_MacroVariation.uasset"
[2017.10.01-11.47.11:527][  0]LogPackFactory: Copied "../../../Samples/StarterContent/Content/StarterContent/Textures/T_Metal_Aluminum_D.uasset" to "G:/Documenten/GitHub/testproject/MyProject4/Content/StarterContent/Textures/T_Metal_Aluminum_D.uasset"
[2017.10.01-11.47.11:536][  0]LogPackFactory: Copied "../../../Samples/StarterContent/Content/StarterContent/Textures/T_Metal_Copper_D.uasset" to "G:/Documenten/GitHub/testproject/MyProject4/Content/StarterContent/Textures/T_Metal_Copper_D.uasset"
[2017.10.01-11.47.11:546][  0]LogPackFactory: Copied "../../../Samples/StarterContent/Content/StarterContent/Textures/T_Metal_Gold_D.uasset" to "G:/Documenten/GitHub/testproject/MyProject4/Content/StarterContent/Textures/T_Metal_Gold_D.uasset"
[2017.10.01-11.47.11:552][  0]LogPackFactory: Copied "../../../Samples/StarterContent/Content/StarterContent/Textures/T_Metal_Gold_N.uasset" to "G:/Documenten/GitHub/testproject/MyProject4/Content/StarterContent/Textures/T_Metal_Gold_N.uasset"
[2017.10.01-11.47.11:562][  0]LogPackFactory: Copied "../../../Samples/StarterContent/Content/StarterContent/Textures/T_Metal_Rust_D.uasset" to "G:/Documenten/GitHub/testproject/MyProject4/Content/StarterContent/Textures/T_Metal_Rust_D.uasset"
[2017.10.01-11.47.11:577][  0]LogPackFactory: Copied "../../../Samples/StarterContent/Content/StarterContent/Textures/T_Metal_Rust_N.uasset" to "G:/Documenten/GitHub/testproject/MyProject4/Content/StarterContent/Textures/T_Metal_Rust_N.uasset"
[2017.10.01-11.47.11:585][  0]LogPackFactory: Copied "../../../Samples/StarterContent/Content/StarterContent/Textures/T_Metal_Steel_D.uasset" to "G:/Documenten/GitHub/testproject/MyProject4/Content/StarterContent/Textures/T_Metal_Steel_D.uasset"
[2017.10.01-11.47.11:595][  0]LogPackFactory: Copied "../../../Samples/StarterContent/Content/StarterContent/Textures/T_Metal_Steel_N.uasset" to "G:/Documenten/GitHub/testproject/MyProject4/Content/StarterContent/Textures/T_Metal_Steel_N.uasset"
[2017.10.01-11.47.11:605][  0]LogPackFactory: Copied "../../../Samples/StarterContent/Content/StarterContent/Textures/T_Perlin_Noise_M.uasset" to "G:/Documenten/GitHub/testproject/MyProject4/Content/StarterContent/Textures/T_Perlin_Noise_M.uasset"
[2017.10.01-11.47.11:612][  0]LogPackFactory: Copied "../../../Samples/StarterContent/Content/StarterContent/Textures/T_RockMesh_M.uasset" to "G:/Documenten/GitHub/testproject/MyProject4/Content/StarterContent/Textures/T_RockMesh_M.uasset"
[2017.10.01-11.47.11:622][  0]LogPackFactory: Copied "../../../Samples/StarterContent/Content/StarterContent/Textures/T_RockMesh_N.uasset" to "G:/Documenten/GitHub/testproject/MyProject4/Content/StarterContent/Textures/T_RockMesh_N.uasset"
[2017.10.01-11.47.11:636][  0]LogPackFactory: Copied "../../../Samples/StarterContent/Content/StarterContent/Textures/T_Rock_Basalt_D.uasset" to "G:/Documenten/GitHub/testproject/MyProject4/Content/StarterContent/Textures/T_Rock_Basalt_D.uasset"
[2017.10.01-11.47.11:646][  0]LogPackFactory: Copied "../../../Samples/StarterContent/Content/StarterContent/Textures/T_Rock_Basalt_N.uasset" to "G:/Documenten/GitHub/testproject/MyProject4/Content/StarterContent/Textures/T_Rock_Basalt_N.uasset"
[2017.10.01-11.47.11:655][  0]LogPackFactory: Copied "../../../Samples/StarterContent/Content/StarterContent/Textures/T_Rock_Marble_Polished_D.uasset" to "G:/Documenten/GitHub/testproject/MyProject4/Content/StarterContent/Textures/T_Rock_Marble_Polished_D.uasset"
[2017.10.01-11.47.11:665][  0]LogPackFactory: Copied "../../../Samples/StarterContent/Content/StarterContent/Textures/T_Rock_Sandstone_D.uasset" to "G:/Documenten/GitHub/testproject/MyProject4/Content/StarterContent/Textures/T_Rock_Sandstone_D.uasset"
[2017.10.01-11.47.11:675][  0]LogPackFactory: Copied "../../../Samples/StarterContent/Content/StarterContent/Textures/T_Rock_Sandstone_N.uasset" to "G:/Documenten/GitHub/testproject/MyProject4/Content/StarterContent/Textures/T_Rock_Sandstone_N.uasset"
[2017.10.01-11.47.11:689][  0]LogPackFactory: Copied "../../../Samples/StarterContent/Content/StarterContent/Textures/T_Rock_Slate_D.uasset" to "G:/Documenten/GitHub/testproject/MyProject4/Content/StarterContent/Textures/T_Rock_Slate_D.uasset"
[2017.10.01-11.47.11:701][  0]LogPackFactory: Copied "../../../Samples/StarterContent/Content/StarterContent/Textures/T_Rock_Slate_N.uasset" to "G:/Documenten/GitHub/testproject/MyProject4/Content/StarterContent/Textures/T_Rock_Slate_N.uasset"
[2017.10.01-11.47.11:758][  0]LogPackFactory: Copied "../../../Samples/StarterContent/Content/StarterContent/Textures/T_Rock_Smooth_Granite_D.uasset" to "G:/Documenten/GitHub/testproject/MyProject4/Content/StarterContent/Textures/T_Rock_Smooth_Granite_D.uasset"
[2017.10.01-11.47.11:762][  0]LogPackFactory: Copied "../../../Samples/StarterContent/Content/StarterContent/Textures/T_Shelf_M.uasset" to "G:/Documenten/GitHub/testproject/MyProject4/Content/StarterContent/Textures/T_Shelf_M.uasset"
[2017.10.01-11.47.11:768][  0]LogPackFactory: Copied "../../../Samples/StarterContent/Content/StarterContent/Textures/T_Shelf_N.uasset" to "G:/Documenten/GitHub/testproject/MyProject4/Content/StarterContent/Textures/T_Shelf_N.uasset"
[2017.10.01-11.47.11:772][  0]LogPackFactory: Copied "../../../Samples/StarterContent/Content/StarterContent/Textures/T_Single_Tile_N.uasset" to "G:/Documenten/GitHub/testproject/MyProject4/Content/StarterContent/Textures/T_Single_Tile_N.uasset"
[2017.10.01-11.47.11:779][  0]LogPackFactory: Copied "../../../Samples/StarterContent/Content/StarterContent/Textures/T_Smoke_SubUV.uasset" to "G:/Documenten/GitHub/testproject/MyProject4/Content/StarterContent/Textures/T_Smoke_SubUV.uasset"
[2017.10.01-11.47.11:783][  0]LogPackFactory: Copied "../../../Samples/StarterContent/Content/StarterContent/Textures/T_Smoke_Tiled_D.uasset" to "G:/Documenten/GitHub/testproject/MyProject4/Content/StarterContent/Textures/T_Smoke_Tiled_D.uasset"
[2017.10.01-11.47.11:788][  0]LogPackFactory: Copied "../../../Samples/StarterContent/Content/StarterContent/Textures/T_Spark_Core.uasset" to "G:/Documenten/GitHub/testproject/MyProject4/Content/StarterContent/Textures/T_Spark_Core.uasset"
[2017.10.01-11.47.11:793][  0]LogPackFactory: Copied "../../../Samples/StarterContent/Content/StarterContent/Textures/T_Statue_M.uasset" to "G:/Documenten/GitHub/testproject/MyProject4/Content/StarterContent/Textures/T_Statue_M.uasset"
[2017.10.01-11.47.11:799][  0]LogPackFactory: Copied "../../../Samples/StarterContent/Content/StarterContent/Textures/T_Statue_N.uasset" to "G:/Documenten/GitHub/testproject/MyProject4/Content/StarterContent/Textures/T_Statue_N.uasset"
[2017.10.01-11.47.11:825][  0]LogPackFactory: Copied "../../../Samples/StarterContent/Content/StarterContent/Textures/T_TableRound_M.uasset" to "G:/Documenten/GitHub/testproject/MyProject4/Content/StarterContent/Textures/T_TableRound_M.uasset"
[2017.10.01-11.47.11:830][  0]LogPackFactory: Copied "../../../Samples/StarterContent/Content/StarterContent/Textures/T_TableRound_N.uasset" to "G:/Documenten/GitHub/testproject/MyProject4/Content/StarterContent/Textures/T_TableRound_N.uasset"
[2017.10.01-11.47.11:835][  0]LogPackFactory: Copied "../../../Samples/StarterContent/Content/StarterContent/Textures/T_Tech_Dot_M.uasset" to "G:/Documenten/GitHub/testproject/MyProject4/Content/StarterContent/Textures/T_Tech_Dot_M.uasset"
[2017.10.01-11.47.11:840][  0]LogPackFactory: Copied "../../../Samples/StarterContent/Content/StarterContent/Textures/T_Tech_Dot_N.uasset" to "G:/Documenten/GitHub/testproject/MyProject4/Content/StarterContent/Textures/T_Tech_Dot_N.uasset"
[2017.10.01-11.47.11:845][  0]LogPackFactory: Copied "../../../Samples/StarterContent/Content/StarterContent/Textures/T_Tech_Hex_Tile_M.uasset" to "G:/Documenten/GitHub/testproject/MyProject4/Content/StarterContent/Textures/T_Tech_Hex_Tile_M.uasset"
[2017.10.01-11.47.11:857][  0]LogPackFactory: Copied "../../../Samples/StarterContent/Content/StarterContent/Textures/T_Tech_Hex_Tile_N.uasset" to "G:/Documenten/GitHub/testproject/MyProject4/Content/StarterContent/Textures/T_Tech_Hex_Tile_N.uasset"
[2017.10.01-11.47.11:866][  0]LogPackFactory: Copied "../../../Samples/StarterContent/Content/StarterContent/Textures/T_Tech_Panel_M.uasset" to "G:/Documenten/GitHub/testproject/MyProject4/Content/StarterContent/Textures/T_Tech_Panel_M.uasset"
[2017.10.01-11.47.11:871][  0]LogPackFactory: Copied "../../../Samples/StarterContent/Content/StarterContent/Textures/T_Tech_Panel_N.uasset" to "G:/Documenten/GitHub/testproject/MyProject4/Content/StarterContent/Textures/T_Tech_Panel_N.uasset"
[2017.10.01-11.47.11:877][  0]LogPackFactory: Copied "../../../Samples/StarterContent/Content/StarterContent/Textures/T_Water_M.uasset" to "G:/Documenten/GitHub/testproject/MyProject4/Content/StarterContent/Textures/T_Water_M.uasset"
[2017.10.01-11.47.11:900][  0]LogPackFactory: Copied "../../../Samples/StarterContent/Content/StarterContent/Textures/T_Water_N.uasset" to "G:/Documenten/GitHub/testproject/MyProject4/Content/StarterContent/Textures/T_Water_N.uasset"
[2017.10.01-11.47.11:907][  0]LogPackFactory: Copied "../../../Samples/StarterContent/Content/StarterContent/Textures/T_Wood_Floor_Walnut_D.uasset" to "G:/Documenten/GitHub/testproject/MyProject4/Content/StarterContent/Textures/T_Wood_Floor_Walnut_D.uasset"
[2017.10.01-11.47.11:915][  0]LogPackFactory: Copied "../../../Samples/StarterContent/Content/StarterContent/Textures/T_Wood_Floor_Walnut_M.uasset" to "G:/Documenten/GitHub/testproject/MyProject4/Content/StarterContent/Textures/T_Wood_Floor_Walnut_M.uasset"
[2017.10.01-11.47.11:923][  0]LogPackFactory: Copied "../../../Samples/StarterContent/Content/StarterContent/Textures/T_Wood_Floor_Walnut_N.uasset" to "G:/Documenten/GitHub/testproject/MyProject4/Content/StarterContent/Textures/T_Wood_Floor_Walnut_N.uasset"
[2017.10.01-11.47.11:931][  0]LogPackFactory: Copied "../../../Samples/StarterContent/Content/StarterContent/Textures/T_Wood_Oak_D.uasset" to "G:/Documenten/GitHub/testproject/MyProject4/Content/StarterContent/Textures/T_Wood_Oak_D.uasset"
[2017.10.01-11.47.11:938][  0]LogPackFactory: Copied "../../../Samples/StarterContent/Content/StarterContent/Textures/T_Wood_Oak_N.uasset" to "G:/Documenten/GitHub/testproject/MyProject4/Content/StarterContent/Textures/T_Wood_Oak_N.uasset"
[2017.10.01-11.47.11:948][  0]LogPackFactory: Copied "../../../Samples/StarterContent/Content/StarterContent/Textures/T_Wood_Pine_D.uasset" to "G:/Documenten/GitHub/testproject/MyProject4/Content/StarterContent/Textures/T_Wood_Pine_D.uasset"
[2017.10.01-11.47.11:955][  0]LogPackFactory: Copied "../../../Samples/StarterContent/Content/StarterContent/Textures/T_Wood_Pine_N.uasset" to "G:/Documenten/GitHub/testproject/MyProject4/Content/StarterContent/Textures/T_Wood_Pine_N.uasset"
[2017.10.01-11.47.11:962][  0]LogPackFactory: Copied "../../../Samples/StarterContent/Content/StarterContent/Textures/T_Wood_Walnut_D.uasset" to "G:/Documenten/GitHub/testproject/MyProject4/Content/StarterContent/Textures/T_Wood_Walnut_D.uasset"
[2017.10.01-11.47.11:970][  0]LogPackFactory: Copied "../../../Samples/StarterContent/Content/StarterContent/Textures/T_Wood_Walnut_N.uasset" to "G:/Documenten/GitHub/testproject/MyProject4/Content/StarterContent/Textures/T_Wood_Walnut_N.uasset"
[2017.10.01-11.47.12:055][  0]LogRenderer: Reallocating scene render targets to support 256x256 Format 10 NumSamples 1 (Frame:1).
[2017.10.01-11.47.12:107][  0]Cmd: OBJ SAVEPACKAGE PACKAGE="/Game/StarterContent/Architecture/Floor_400x400" FILE="G:/Documenten/GitHub/testproject/MyProject4/Content/StarterContent/Architecture/Floor_400x400.uasset" SILENT=true
[2017.10.01-11.47.12:129][  0]LogSavePackage: Save=15.94ms
[2017.10.01-11.47.12:129][  0]LogSavePackage: Moving 'G:/Documenten/GitHub/testproject/MyProject4/Saved/Floor_400x4003113742F49B829D21971C48AEF0F76C8.tmp' to 'G:/Documenten/GitHub/testproject/MyProject4/Content/StarterContent/Architecture/Floor_400x400.uasset'
[2017.10.01-11.47.12:131][  0]LogSavePackage: Display: Finished SavePackage G:/Documenten/GitHub/testproject/MyProject4/Content/StarterContent/Architecture/Floor_400x400.uasset
[2017.10.01-11.47.12:131][  0]LogFeaturePack: Warning: Inserted 1 feature packs
[2017.10.01-11.47.12:135][  0]Cmd: MAP LOAD FILE="G:/Documenten/GitHub/testproject/MyProject4/Content/StarterContent/Maps/Minimal_Default.umap" TEMPLATE=0 SHOWPROGRESS=1 FEATURELEVEL=3
[2017.10.01-11.47.12:136][  0]LightingResults: New page: Lighting Build
[2017.10.01-11.47.12:166][  0]MapCheck: New page: Map Check
[2017.10.01-11.47.12:166][  0]LightingResults: New page: Lighting Build
[2017.10.01-11.47.12:452][  0]LogAIModule: Creating AISystem for world Minimal_Default
[2017.10.01-11.47.12:460][  0]LogEditorServer: Finished looking for orphan Actors (0.000 secs)
[2017.10.01-11.47.12:473][  0]Cmd: MAP CHECKDEP NOCLEARLOG
[2017.10.01-11.47.12:513][  0]MapCheck: Map check complete: 0 Error(s), 0 Warning(s), took 39.965ms to complete.
[2017.10.01-11.47.12:513][  0]LogFileHelpers: Loading map 'Minimal_Default' took 0.378
[2017.10.01-11.47.12:651][  0]LogCollectionManager: Loaded 0 collections in 0.001523 seconds
[2017.10.01-11.47.12:774][  0]LogFileCache: Scanning file cache for directory 'G:/Documenten/GitHub/testproject/MyProject4/Saved/Collections/' took 0.01s
[2017.10.01-11.47.12:774][  0]LogFileCache: Scanning file cache for directory 'G:/Documenten/GitHub/testproject/MyProject4/Content/Developers/Michiel/Collections/' took 0.01s
[2017.10.01-11.47.12:774][  0]LogFileCache: Scanning file cache for directory 'G:/Documenten/GitHub/testproject/MyProject4/Content/Collections/' took 0.01s
[2017.10.01-11.47.12:774][  0]LogCollectionManager: Rebuilt the GUID cache for 0 collections in 0.000000 seconds
[2017.10.01-11.47.12:784][  0]LogContentBrowser: Native class hierarchy populated in 0.0103 seconds. Added 2386 classes and 500 folders.
[2017.10.01-11.47.12:831][  0]LogContentBrowser: Native class hierarchy updated for 'WidgetCarousel' in 0.0007 seconds. Added 0 classes and 0 folders.
[2017.10.01-11.47.12:869][  0]LogContentBrowser: Native class hierarchy updated for 'AddContentDialog' in 0.0006 seconds. Added 0 classes and 0 folders.
[2017.10.01-11.47.12:898][  0]LogContentBrowser: Native class hierarchy updated for 'SceneOutliner' in 0.0006 seconds. Added 1 classes and 2 folders.
[2017.10.01-11.47.12:921][  0]LogSlate: Took 0.000178 seconds to synchronously load lazily loaded font '../../../Engine/Content/Slate/Fonts/Roboto-Regular.ttf' (155K)
[2017.10.01-11.47.12:923][  0]LogSlate: Took 0.000177 seconds to synchronously load lazily loaded font '../../../Engine/Content/Slate/Fonts/Roboto-Bold.ttf' (160K)
[2017.10.01-11.47.12:928][  0]LogSlate: Took 0.000162 seconds to synchronously load lazily loaded font '../../../Engine/Content/Editor/Slate/Fonts/FontAwesome.ttf' (139K)
[2017.10.01-11.47.12:964][  0]LogRenderer: Reallocating scene render targets to support 1208x576 Format 10 NumSamples 1 (Frame:1).
[2017.10.01-11.47.12:997][  0]LogSlate: Took 0.000199 seconds to synchronously load lazily loaded font '../../../Engine/Content/Slate/Fonts/Roboto-Light.ttf' (159K)
[2017.10.01-11.47.13:102][  0]LogContentBrowser: Native class hierarchy updated for 'HierarchicalLODOutliner' in 0.0007 seconds. Added 1 classes and 2 folders.
[2017.10.01-11.47.13:102][  0]LogLoad: (Engine Initialization) Total time: 16.52 seconds
[2017.10.01-11.47.13:102][  0]LogLoad: (Engine Initialization) Total Blueprint compile time: 0.00 seconds
[2017.10.01-11.47.13:102][  0]LogExternalProfiler: No external profilers were discovered.  External profiling features will not be available.
[2017.10.01-11.47.13:113][  0]LogWindowsTextInputMethodSystem: Display: IME system now deactivated.
[2017.10.01-11.47.13:134][  0]LogAssetRegistry: Asset discovery search completed in 10.7545 seconds
[2017.10.01-11.47.13:136][  0]LogCollectionManager: Rebuilt the object cache for 0 collections in 0.000000 seconds (found 0 objects)
[2017.10.01-11.47.13:136][  0]LogCollectionManager: Fixed up redirectors for 0 collections in 0.000053 seconds (updated 0 objects)
[2017.10.01-11.47.13:139][  0]LogContentStreaming: Texture pool size now 1000 MB
[2017.10.01-11.47.13:876][  2]LogEditorViewport: Clicking on Actor (LMB): BP_Sky_Sphere_C (BP_Sky_Sphere)
[2017.10.01-11.47.20:666][755]SourceControl: On branch master
[2017.10.01-11.47.20:666][755]SourceControl: No commits yet
[2017.10.01-11.47.20:666][755]SourceControl: Untracked files:
[2017.10.01-11.47.20:666][755]SourceControl:   (use "git add <file>..." to include in what will be committed)
[2017.10.01-11.47.20:666][755]SourceControl: 	MyProject4/
[2017.10.01-11.47.20:666][755]SourceControl: nothing added to commit but untracked files present (use "git add" to track)
[2017.10.01-11.47.25:153][281]SourceControl: fatal: D:/UE_4.17/Engine/Content/: 'D:/UE_4.17/Engine/Content/' is outside repository
[2017.10.01-11.47.25:234][281]LogUObjectHash: Warning: Ambiguous search, could be ByteProperty /Script/CoreUObject.Color:G or FloatProperty /Script/CoreUObject.LinearColor:G
[2017.10.01-11.47.25:234][281]LogUObjectHash: Warning: Ambiguous search, could be ByteProperty /Script/CoreUObject.Color:G or BoolProperty /Script/UnrealEd.DComponentMaskParameter:G
[2017.10.01-11.47.25:234][281]LogUObjectHash: Warning: Ambiguous search, could be ByteProperty /Script/CoreUObject.Color:G or BoolProperty /Script/UnrealEd.ComponentMaskParameter:G
[2017.10.01-11.47.25:234][281]LogUObjectHash: Warning: Ambiguous search, could be ByteProperty /Script/CoreUObject.Color:G or FloatProperty /Script/Engine.KismetMathLibrary:BreakColor.G
[2017.10.01-11.47.25:234][281]LogUObjectHash: Warning: Ambiguous search, could be ByteProperty /Script/CoreUObject.Color:G or FloatProperty /Script/Engine.KismetMathLibrary:MakeColor.G
[2017.10.01-11.47.25:234][281]LogUObjectHash: Warning: Ambiguous search, could be ByteProperty /Script/CoreUObject.Color:G or BoolProperty /Script/Engine.MaterialExpressionComponentMask:G
[2017.10.01-11.47.25:234][281]LogUObjectHash: Warning: Ambiguous search, could be ByteProperty /Script/CoreUObject.Color:G or FloatProperty /Script/Engine.MaterialExpressionConstant2Vector:G
[2017.10.01-11.47.25:236][281]LogPackageName: Error: Illegal call to DoesPackageExist: 'G:/Documenten/GitHub/testproject/MyProject4/MyProject4.uproject' is not a standard unreal filename or a long path name. Reason: Path should be no less than 4 characters long.
[2017.10.01-11.47.25:365][281]LogStats: FPlatformStackWalk::StackWalkAndDump -  0.129 s
[2017.10.01-11.47.25:365][281]LogOutputDevice: Error: === Handled ensure: ===
[2017.10.01-11.47.25:365][281]LogOutputDevice: Error: 
[2017.10.01-11.47.25:365][281]LogOutputDevice: Error: Ensure condition failed: false [File:D:\Build\++UE4+Release-4.17+Compile\Sync\Engine\Source\Runtime\CoreUObject\Private\Misc\PackageName.cpp] [Line: 810]
[2017.10.01-11.47.25:365][281]LogOutputDevice: Error: Illegal call to DoesPackageExist: 'G:/Documenten/GitHub/testproject/MyProject4/MyProject4.uproject' is not a standard unreal filename or a long path name. Reason: Path should be no less than 4 characters long.
[2017.10.01-11.47.25:365][281]LogOutputDevice: Error: Stack: 
[2017.10.01-11.47.25:365][281]LogOutputDevice: Error: UE4Editor-Core.dll!0x000000003C783E36
[2017.10.01-11.47.25:365][281]LogOutputDevice: Error: UE4Editor-Core.dll!0x000000003C50C2D2
[2017.10.01-11.47.25:365][281]LogOutputDevice: Error: UE4Editor-Core.dll!0x000000003C524746
[2017.10.01-11.47.25:365][281]LogOutputDevice: Error: UE4Editor-CoreUObject.dll!0x000000003BDC1BA5
[2017.10.01-11.47.25:365][281]LogOutputDevice: Error: UE4Editor-SourceControl.dll!0x00000000326573C2
[2017.10.01-11.47.25:365][281]LogOutputDevice: Error: UE4Editor-SourceControl.dll!0x0000000032657557
[2017.10.01-11.47.25:365][281]LogOutputDevice: Error: UE4Editor-SourceControlWindows.dll!0x000000002F2178EE
[2017.10.01-11.47.25:365][281]LogOutputDevice: Error: UE4Editor-SourceControlWindows.dll!0x000000002F1D3755
[2017.10.01-11.47.25:365][281]LogOutputDevice: Error: UE4Editor-SourceControlWindows.dll!0x000000002F1D2D2D
[2017.10.01-11.47.25:365][281]LogOutputDevice: Error: UE4Editor-SourceControlWindows.dll!0x000000002F1E7DD4
[2017.10.01-11.47.25:365][281]LogOutputDevice: Error: UE4Editor-GitSourceControl.dll!0x0000000026E432F9
[2017.10.01-11.47.25:365][281]LogOutputDevice: Error: UE4Editor-SourceControl.dll!0x000000003265C27C
[2017.10.01-11.47.25:365][281]LogOutputDevice: Error: UE4Editor-UnrealEd.dll!0x0000000036A9D0BF
[2017.10.01-11.47.25:365][281]LogOutputDevice: Error: UE4Editor-UnrealEd.dll!0x000000003732D646
[2017.10.01-11.47.25:365][281]LogOutputDevice: Error: UE4Editor.exe!0x00000000195B534A
[2017.10.01-11.47.25:365][281]LogOutputDevice: Error: UE4Editor.exe!0x00000000195C3970
[2017.10.01-11.47.25:365][281]LogOutputDevice: Error: UE4Editor.exe!0x00000000195C39EA
[2017.10.01-11.47.25:365][281]LogOutputDevice: Error: UE4Editor.exe!0x00000000195D02D9
[2017.10.01-11.47.25:365][281]LogOutputDevice: Error: UE4Editor.exe!0x00000000195D1C47
[2017.10.01-11.47.25:365][281]LogOutputDevice: Error: KERNEL32.DLL!0x000000009E652774
[2017.10.01-11.47.25:365][281]LogOutputDevice: Error: ntdll.dll!0x00000000A05F0D51
[2017.10.01-11.47.25:365][281]LogOutputDevice: Error: 
[2017.10.01-11.47.25:372][281]LogStats:                SubmitErrorReport -  0.000 s
[2017.10.01-11.47.25:698][281]LogStats:                    SendNewReport -  0.326 s
[2017.10.01-11.47.25:698][281]LogStats:             FDebug::EnsureFailed -  0.462 s
[2017.10.01-11.47.35:048][281]LogSourceControl: FGitCheckInWorker: commit successful
[2017.10.01-11.47.35:091][281]SourceControl: [master (root-commit) 33712be] no
[2017.10.01-11.47.35:091][281]SourceControl:  1 file changed, 6 insertions(+)
[2017.10.01-11.47.35:091][281]SourceControl:  create mode 100644 MyProject4/MyProject4.uproject
[2017.10.01-11.47.35:096][281]SourceControl: Commited [master (root-commit) 33712be] no.
[2017.10.01-11.48.53:621][301]SourceControl: fatal: D:/UE_4.17/Engine/Content/: 'D:/UE_4.17/Engine/Content/' is outside repository
[2017.10.01-11.48.53:698][301]EditorErrors: Warning: No assets to check in!
[2017.10.01-11.49.10:528][296]SourceControl: fatal: D:/UE_4.17/Engine/Content/: 'D:/UE_4.17/Engine/Content/' is outside repository
[2017.10.01-11.49.10:604][296]EditorErrors: Warning: No assets to check in!
